[2025-03-29 16:23:29,571] werkzeug - WARNING -  * Debugger is active!
[2025-03-29 16:23:29,580] werkzeug - INFO -  * Debugger PIN: 119-195-508
[2025-03-29 16:24:01,215] root - INFO - YouTube audio downloaded successfully: downloads\Chalawe Ki Raat 
[2025-03-29 16:24:03,710] root - ERROR - error occured in python script:[C:\Users\suraj\OneDrive\Desktop\ML_pipe\ai_agent_audio\audio-extraction\scripts\transcribe.py]at number:[11]:str [Failed to load audio: ffmpeg version 2025-03-27-git-114fccc4a5-full_build-www.gyan.dev Copyright (c) 2000-2025 the FFmpeg developers
  built with gcc 14.2.0 (Rev1, Built by MSYS2 project)
  configuration: --enable-gpl --enable-version3 --enable-static --disable-w32threads --disable-autodetect --enable-fontconfig --enable-iconv --enable-gnutls --enable-lcms2 --enable-libxml2 --enable-gmp --enable-bzlib --enable-lzma --enable-libsnappy --enable-zlib --enable-librist --enable-libsrt --enable-libssh --enable-libzmq --enable-avisynth --enable-libbluray --enable-libcaca --enable-libdvdnav --enable-libdvdread --enable-sdl2 --enable-libaribb24 --enable-libaribcaption --enable-libdav1d --enable-libdavs2 --enable-libopenjpeg --enable-libquirc --enable-libuavs3d --enable-libxevd --enable-libzvbi --enable-libqrencode --enable-librav1e --enable-libsvtav1 --enable-libvvenc --enable-libwebp --enable-libx264 --enable-libx265 --enable-libxavs2 --enable-libxeve --enable-libxvid --enable-libaom --enable-libjxl --enable-libvpx --enable-mediafoundation --enable-libass --enable-frei0r --enable-libfreetype --enable-libfribidi --enable-libharfbuzz --enable-liblensfun --enable-libvidstab --enable-libvmaf --enable-libzimg --enable-amf --enable-cuda-llvm --enable-cuvid --enable-dxva2 --enable-d3d11va --enable-d3d12va --enable-ffnvcodec --enable-libvpl --enable-nvdec --enable-nvenc --enable-vaapi --enable-libshaderc --enable-vulkan --enable-libplacebo --enable-opencl --enable-libcdio --enable-libgme --enable-libmodplug --enable-libopenmpt --enable-libopencore-amrwb --enable-libmp3lame --enable-libshine --enable-libtheora --enable-libtwolame --enable-libvo-amrwbenc --enable-libcodec2 --enable-libilbc --enable-libgsm --enable-liblc3 --enable-libopencore-amrnb --enable-libopus --enable-libspeex --enable-libvorbis --enable-ladspa --enable-libbs2b --enable-libflite --enable-libmysofa --enable-librubberband --enable-libsoxr --enable-chromaprint
  libavutil      59. 60.100 / 59. 60.100
  libavcodec     61. 33.102 / 61. 33.102
  libavformat    61.  9.108 / 61.  9.108
  libavdevice    61.  4.100 / 61.  4.100
  libavfilter    10.  9.100 / 10.  9.100
  libswscale      8. 13.103 /  8. 13.103
  libswresample   5.  4.100 /  5.  4.100
  libpostproc    58.  4.100 / 58.  4.100
[in#0 @ 00000240968ee980] Error opening input: No such file or directory
Error opening input file downloads\Chalawe Ki Raat .
Error opening input files: No such file or directory
]
[2025-03-29 16:24:03,716] werkzeug - INFO - 127.0.0.1 - - [29/Mar/2025 16:24:03] "POST / HTTP/1.1" 200 -
[2025-03-29 16:24:03,931] werkzeug - INFO - 127.0.0.1 - - [29/Mar/2025 16:24:03] "[36mGET /static/style.css HTTP/1.1[0m" 304 -
[2025-03-29 16:26:45,291] werkzeug - INFO -  * Detected change in 'C:\\Users\\suraj\\OneDrive\\Desktop\\ML_pipe\\ai_agent_audio\\audio-extraction\\scripts\\download_audio.py', reloading
[2025-03-29 16:26:45,292] werkzeug - INFO -  * Detected change in 'c:\\users\\suraj\\onedrive\\desktop\\ml_pipe\\ai_agent_audio\\audio-extraction\\scripts\\download_audio.py', reloading
[2025-03-29 16:26:45,292] werkzeug - INFO -  * Detected change in 'C:\\Users\\suraj\\OneDrive\\Desktop\\ML_pipe\\ai_agent_audio\\audio-extraction\\scripts\\download_audio.py', reloading
[2025-03-29 16:26:45,293] werkzeug - INFO -  * Detected change in 'c:\\users\\suraj\\onedrive\\desktop\\ml_pipe\\ai_agent_audio\\audio-extraction\\scripts\\download_audio.py', reloading
[2025-03-29 16:26:45,516] werkzeug - INFO -  * Detected change in 'C:\\Users\\suraj\\OneDrive\\Desktop\\ML_pipe\\ai_agent_audio\\audio-extraction\\scripts\\download_audio.py', reloading
[2025-03-29 16:26:45,517] werkzeug - INFO -  * Detected change in 'c:\\users\\suraj\\onedrive\\desktop\\ml_pipe\\ai_agent_audio\\audio-extraction\\scripts\\download_audio.py', reloading
[2025-03-29 16:26:45,517] werkzeug - INFO -  * Detected change in 'C:\\Users\\suraj\\OneDrive\\Desktop\\ML_pipe\\ai_agent_audio\\audio-extraction\\scripts\\download_audio.py', reloading
[2025-03-29 16:26:45,518] werkzeug - INFO -  * Detected change in 'c:\\users\\suraj\\onedrive\\desktop\\ml_pipe\\ai_agent_audio\\audio-extraction\\scripts\\download_audio.py', reloading
[2025-03-29 16:26:45,707] werkzeug - INFO -  * Detected change in 'C:\\Users\\suraj\\OneDrive\\Desktop\\ML_pipe\\ai_agent_audio\\audio-extraction\\scripts\\download_audio.py', reloading
[2025-03-29 16:26:45,708] werkzeug - INFO -  * Detected change in 'c:\\users\\suraj\\onedrive\\desktop\\ml_pipe\\ai_agent_audio\\audio-extraction\\scripts\\download_audio.py', reloading
[2025-03-29 16:26:45,708] werkzeug - INFO -  * Detected change in 'C:\\Users\\suraj\\OneDrive\\Desktop\\ML_pipe\\ai_agent_audio\\audio-extraction\\scripts\\download_audio.py', reloading
[2025-03-29 16:26:45,709] werkzeug - INFO -  * Detected change in 'c:\\users\\suraj\\onedrive\\desktop\\ml_pipe\\ai_agent_audio\\audio-extraction\\scripts\\download_audio.py', reloading
