[2025-03-29 18:03:20,758] werkzeug - WARNING -  * Debugger is active!
[2025-03-29 18:03:20,773] werkzeug - INFO -  * Debugger PIN: 119-195-508
[2025-03-29 18:05:46,942] root - INFO - YouTube audio downloaded successfully: downloads\Chalawe Ki Raat
[2025-03-29 18:12:26,375] werkzeug - INFO - 127.0.0.1 - - [29/Mar/2025 18:12:26] "POST / HTTP/1.1" 200 -
[2025-03-29 18:12:26,596] werkzeug - INFO - 127.0.0.1 - - [29/Mar/2025 18:12:26] "[36mGET /static/style.css HTTP/1.1[0m" 304 -
[2025-03-29 19:10:32,741] werkzeug - INFO -  * Detected change in 'c:\\users\\suraj\\onedrive\\desktop\\ml_pipe\\ai_agent_audio\\audio-extraction\\scripts\\download_audio.py', reloading
[2025-03-29 19:10:32,743] werkzeug - INFO -  * Detected change in 'C:\\Users\\suraj\\OneDrive\\Desktop\\ML_pipe\\ai_agent_audio\\audio-extraction\\scripts\\download_audio.py', reloading
[2025-03-29 19:10:32,743] werkzeug - INFO -  * Detected change in 'c:\\users\\suraj\\onedrive\\desktop\\ml_pipe\\ai_agent_audio\\audio-extraction\\scripts\\download_audio.py', reloading
[2025-03-29 19:10:32,744] werkzeug - INFO -  * Detected change in 'C:\\Users\\suraj\\OneDrive\\Desktop\\ML_pipe\\ai_agent_audio\\audio-extraction\\scripts\\download_audio.py', reloading
[2025-03-29 19:10:32,744] werkzeug - INFO -  * Detected change in 'c:\\users\\suraj\\onedrive\\desktop\\ml_pipe\\ai_agent_audio\\audio-extraction\\scripts\\download_audio.py', reloading
[2025-03-29 19:10:32,745] werkzeug - INFO -  * Detected change in 'C:\\Users\\suraj\\OneDrive\\Desktop\\ML_pipe\\ai_agent_audio\\audio-extraction\\scripts\\download_audio.py', reloading
[2025-03-29 19:10:32,745] werkzeug - INFO -  * Detected change in 'c:\\users\\suraj\\onedrive\\desktop\\ml_pipe\\ai_agent_audio\\audio-extraction\\scripts\\download_audio.py', reloading
[2025-03-29 19:10:32,939] werkzeug - INFO -  * Detected change in 'c:\\users\\suraj\\onedrive\\desktop\\ml_pipe\\ai_agent_audio\\audio-extraction\\scripts\\download_audio.py', reloading
[2025-03-29 19:10:32,940] werkzeug - INFO -  * Detected change in 'C:\\Users\\suraj\\OneDrive\\Desktop\\ML_pipe\\ai_agent_audio\\audio-extraction\\scripts\\download_audio.py', reloading
[2025-03-29 19:10:32,941] werkzeug - INFO -  * Detected change in 'c:\\users\\suraj\\onedrive\\desktop\\ml_pipe\\ai_agent_audio\\audio-extraction\\scripts\\download_audio.py', reloading
[2025-03-29 19:10:32,941] werkzeug - INFO -  * Detected change in 'C:\\Users\\suraj\\OneDrive\\Desktop\\ML_pipe\\ai_agent_audio\\audio-extraction\\scripts\\download_audio.py', reloading
[2025-03-29 19:10:33,157] werkzeug - INFO -  * Detected change in 'C:\\Users\\suraj\\OneDrive\\Desktop\\ML_pipe\\ai_agent_audio\\audio-extraction\\scripts\\download_audio.py', reloading
[2025-03-29 19:10:33,157] werkzeug - INFO -  * Detected change in 'c:\\users\\suraj\\onedrive\\desktop\\ml_pipe\\ai_agent_audio\\audio-extraction\\scripts\\download_audio.py', reloading
[2025-03-29 19:10:33,158] werkzeug - INFO -  * Detected change in 'C:\\Users\\suraj\\OneDrive\\Desktop\\ML_pipe\\ai_agent_audio\\audio-extraction\\scripts\\download_audio.py', reloading
[2025-03-29 19:10:33,158] werkzeug - INFO -  * Detected change in 'c:\\users\\suraj\\onedrive\\desktop\\ml_pipe\\ai_agent_audio\\audio-extraction\\scripts\\download_audio.py', reloading
[2025-03-29 19:10:33,159] werkzeug - INFO -  * Detected change in 'C:\\Users\\suraj\\OneDrive\\Desktop\\ML_pipe\\ai_agent_audio\\audio-extraction\\scripts\\download_audio.py', reloading
[2025-03-29 19:10:33,387] werkzeug - INFO -  * Detected change in 'c:\\users\\suraj\\onedrive\\desktop\\ml_pipe\\ai_agent_audio\\audio-extraction\\scripts\\download_audio.py', reloading
[2025-03-29 19:10:33,388] werkzeug - INFO -  * Detected change in 'C:\\Users\\suraj\\OneDrive\\Desktop\\ML_pipe\\ai_agent_audio\\audio-extraction\\scripts\\download_audio.py', reloading
[2025-03-29 19:10:33,388] werkzeug - INFO -  * Detected change in 'c:\\users\\suraj\\onedrive\\desktop\\ml_pipe\\ai_agent_audio\\audio-extraction\\scripts\\download_audio.py', reloading
[2025-03-29 19:10:33,389] werkzeug - INFO -  * Detected change in 'C:\\Users\\suraj\\OneDrive\\Desktop\\ML_pipe\\ai_agent_audio\\audio-extraction\\scripts\\download_audio.py', reloading
[2025-03-29 19:10:33,390] werkzeug - INFO -  * Detected change in 'c:\\users\\suraj\\onedrive\\desktop\\ml_pipe\\ai_agent_audio\\audio-extraction\\scripts\\download_audio.py', reloading
[2025-03-29 19:10:33,390] werkzeug - INFO -  * Detected change in 'C:\\Users\\suraj\\OneDrive\\Desktop\\ML_pipe\\ai_agent_audio\\audio-extraction\\scripts\\download_audio.py', reloading
