[2025-03-29 17:17:01,202] werkzeug - WARNING -  * Debugger is active!
[2025-03-29 17:17:01,211] werkzeug - INFO -  * Debugger PIN: 119-195-508
[2025-03-29 17:17:01,236] werkzeug - INFO -  * Detected change in 'C:\\Users\\suraj\\Miniconda3\\envs\\audio\\Lib\\site-packages\\~ransformers\\models\\blenderbot_small\\modeling_blenderbot_small.py', reloading
[2025-03-29 17:17:01,237] werkzeug - INFO -  * Detected change in 'C:\\Users\\suraj\\Miniconda3\\envs\\audio\\Lib\\site-packages\\~ransformers\\models\\blenderbot_small\\modeling_blenderbot_small.py', reloading
[2025-03-29 17:17:01,238] werkzeug - INFO -  * Detected change in 'C:\\Users\\suraj\\Miniconda3\\envs\\audio\\Lib\\site-packages\\~ransformers\\models\\blenderbot_small\\modeling_blenderbot_small.py', reloading
[2025-03-29 17:17:01,241] werkzeug - INFO -  * Detected change in 'C:\\Users\\suraj\\Miniconda3\\envs\\audio\\Lib\\site-packages\\~ransformers\\models\\blenderbot_small\\modeling_flax_blenderbot_small.py', reloading
[2025-03-29 17:17:01,242] werkzeug - INFO -  * Detected change in 'C:\\Users\\suraj\\Miniconda3\\envs\\audio\\Lib\\site-packages\\~ransformers\\models\\blenderbot_small\\modeling_flax_blenderbot_small.py', reloading
[2025-03-29 17:17:01,243] werkzeug - INFO -  * Detected change in 'C:\\Users\\suraj\\Miniconda3\\envs\\audio\\Lib\\site-packages\\~ransformers\\models\\blenderbot_small\\modeling_tf_blenderbot_small.py', reloading
[2025-03-29 17:17:01,244] werkzeug - INFO -  * Detected change in 'C:\\Users\\suraj\\Miniconda3\\envs\\audio\\Lib\\site-packages\\~ransformers\\models\\blenderbot_small\\modeling_tf_blenderbot_small.py', reloading
[2025-03-29 17:17:01,245] werkzeug - INFO -  * Detected change in 'C:\\Users\\suraj\\Miniconda3\\envs\\audio\\Lib\\site-packages\\~ransformers\\models\\blenderbot_small\\modeling_tf_blenderbot_small.py', reloading
[2025-03-29 17:17:01,246] werkzeug - INFO -  * Detected change in 'C:\\Users\\suraj\\Miniconda3\\envs\\audio\\Lib\\site-packages\\~ransformers\\models\\blenderbot_small\\tokenization_blenderbot_small.py', reloading
[2025-03-29 17:17:01,248] werkzeug - INFO -  * Detected change in 'C:\\Users\\suraj\\Miniconda3\\envs\\audio\\Lib\\site-packages\\~ransformers\\models\\blenderbot_small\\tokenization_blenderbot_small.py', reloading
[2025-03-29 17:17:01,249] werkzeug - INFO -  * Detected change in 'C:\\Users\\suraj\\Miniconda3\\envs\\audio\\Lib\\site-packages\\~ransformers\\models\\blenderbot_small\\tokenization_blenderbot_small.py', reloading
[2025-03-29 17:17:01,250] werkzeug - INFO -  * Detected change in 'C:\\Users\\suraj\\Miniconda3\\envs\\audio\\Lib\\site-packages\\~ransformers\\models\\blenderbot_small\\tokenization_blenderbot_small_fast.py', reloading
[2025-03-29 17:17:01,252] werkzeug - INFO -  * Detected change in 'C:\\Users\\suraj\\Miniconda3\\envs\\audio\\Lib\\site-packages\\~ransformers\\models\\blenderbot_small\\tokenization_blenderbot_small_fast.py', reloading
[2025-03-29 17:17:01,252] werkzeug - INFO -  * Detected change in 'C:\\Users\\suraj\\Miniconda3\\envs\\audio\\Lib\\site-packages\\~ransformers\\models\\blenderbot_small\\tokenization_blenderbot_small_fast.py', reloading
[2025-03-29 17:17:01,254] werkzeug - INFO -  * Detected change in 'C:\\Users\\suraj\\Miniconda3\\envs\\audio\\Lib\\site-packages\\~ransformers\\models\\blenderbot_small\\__init__.py', reloading
[2025-03-29 17:17:01,254] werkzeug - INFO -  * Detected change in 'C:\\Users\\suraj\\Miniconda3\\envs\\audio\\Lib\\site-packages\\transformers\\models\\blenderbot_small\\__init__.py', reloading
[2025-03-29 17:17:01,258] werkzeug - INFO -  * Detected change in 'C:\\Users\\suraj\\Miniconda3\\envs\\audio\\Lib\\site-packages\\~ransformers\\models\\blenderbot_small\\__init__.py', reloading
[2025-03-29 17:17:01,259] werkzeug - INFO -  * Detected change in 'C:\\Users\\suraj\\Miniconda3\\envs\\audio\\Lib\\site-packages\\~ransformers\\models\\blenderbot_small\\__init__.py', reloading
[2025-03-29 17:17:01,274] werkzeug - INFO -  * Detected change in 'C:\\Users\\suraj\\Miniconda3\\envs\\audio\\Lib\\site-packages\\~ransformers\\models\\blip\\configuration_blip.py', reloading
[2025-03-29 17:17:01,276] werkzeug - INFO -  * Detected change in 'C:\\Users\\suraj\\Miniconda3\\envs\\audio\\Lib\\site-packages\\~ransformers\\models\\blip\\configuration_blip.py', reloading
[2025-03-29 17:17:01,277] werkzeug - INFO -  * Detected change in 'C:\\Users\\suraj\\Miniconda3\\envs\\audio\\Lib\\site-packages\\~ransformers\\models\\blip\\configuration_blip.py', reloading
[2025-03-29 17:17:01,278] werkzeug - INFO -  * Detected change in 'C:\\Users\\suraj\\Miniconda3\\envs\\audio\\Lib\\site-packages\\~ransformers\\models\\blip\\image_processing_blip.py', reloading
[2025-03-29 17:17:01,279] werkzeug - INFO -  * Detected change in 'C:\\Users\\suraj\\Miniconda3\\envs\\audio\\Lib\\site-packages\\~ransformers\\models\\blip\\image_processing_blip.py', reloading
[2025-03-29 17:17:01,280] werkzeug - INFO -  * Detected change in 'C:\\Users\\suraj\\Miniconda3\\envs\\audio\\Lib\\site-packages\\~ransformers\\models\\blip\\image_processing_blip.py', reloading
[2025-03-29 17:17:01,281] werkzeug - INFO -  * Detected change in 'C:\\Users\\suraj\\Miniconda3\\envs\\audio\\Lib\\site-packages\\~ransformers\\models\\blip\\image_processing_blip_fast.py', reloading
[2025-03-29 17:17:01,283] werkzeug - INFO -  * Detected change in 'C:\\Users\\suraj\\Miniconda3\\envs\\audio\\Lib\\site-packages\\~ransformers\\models\\blip\\image_processing_blip_fast.py', reloading
[2025-03-29 17:17:01,284] werkzeug - INFO -  * Detected change in 'C:\\Users\\suraj\\Miniconda3\\envs\\audio\\Lib\\site-packages\\~ransformers\\models\\blip\\image_processing_blip_fast.py', reloading
[2025-03-29 17:17:01,285] werkzeug - INFO -  * Detected change in 'C:\\Users\\suraj\\Miniconda3\\envs\\audio\\Lib\\site-packages\\~ransformers\\models\\blip\\modeling_blip.py', reloading
[2025-03-29 17:17:01,287] werkzeug - INFO -  * Detected change in 'C:\\Users\\suraj\\Miniconda3\\envs\\audio\\Lib\\site-packages\\~ransformers\\models\\blip\\modeling_blip.py', reloading
[2025-03-29 17:17:01,287] werkzeug - INFO -  * Detected change in 'C:\\Users\\suraj\\Miniconda3\\envs\\audio\\Lib\\site-packages\\~ransformers\\models\\blip\\modeling_blip.py', reloading
[2025-03-29 17:17:01,288] werkzeug - INFO -  * Detected change in 'C:\\Users\\suraj\\Miniconda3\\envs\\audio\\Lib\\site-packages\\~ransformers\\models\\blip\\modeling_blip_text.py', reloading
[2025-03-29 17:17:01,291] werkzeug - INFO -  * Detected change in 'C:\\Users\\suraj\\Miniconda3\\envs\\audio\\Lib\\site-packages\\~ransformers\\models\\blip\\modeling_blip_text.py', reloading
[2025-03-29 17:17:01,292] werkzeug - INFO -  * Detected change in 'C:\\Users\\suraj\\Miniconda3\\envs\\audio\\Lib\\site-packages\\~ransformers\\models\\blip\\modeling_blip_text.py', reloading
[2025-03-29 17:17:01,293] werkzeug - INFO -  * Detected change in 'C:\\Users\\suraj\\Miniconda3\\envs\\audio\\Lib\\site-packages\\~ransformers\\models\\blip\\modeling_tf_blip.py', reloading
[2025-03-29 17:17:01,294] werkzeug - INFO -  * Detected change in 'C:\\Users\\suraj\\Miniconda3\\envs\\audio\\Lib\\site-packages\\~ransformers\\models\\blip\\modeling_tf_blip.py', reloading
[2025-03-29 17:17:01,295] werkzeug - INFO -  * Detected change in 'C:\\Users\\suraj\\Miniconda3\\envs\\audio\\Lib\\site-packages\\~ransformers\\models\\blip\\modeling_tf_blip.py', reloading
[2025-03-29 17:17:01,296] werkzeug - INFO -  * Detected change in 'C:\\Users\\suraj\\Miniconda3\\envs\\audio\\Lib\\site-packages\\~ransformers\\models\\blip\\modeling_tf_blip_text.py', reloading
[2025-03-29 17:17:01,298] werkzeug - INFO -  * Detected change in 'C:\\Users\\suraj\\Miniconda3\\envs\\audio\\Lib\\site-packages\\~ransformers\\models\\blip\\modeling_tf_blip_text.py', reloading
[2025-03-29 17:17:01,298] werkzeug - INFO -  * Detected change in 'C:\\Users\\suraj\\Miniconda3\\envs\\audio\\Lib\\site-packages\\~ransformers\\models\\blip\\modeling_tf_blip_text.py', reloading
[2025-03-29 17:17:01,300] werkzeug - INFO -  * Detected change in 'C:\\Users\\suraj\\Miniconda3\\envs\\audio\\Lib\\site-packages\\~ransformers\\models\\blip\\processing_blip.py', reloading
[2025-03-29 17:17:01,302] werkzeug - INFO -  * Detected change in 'C:\\Users\\suraj\\Miniconda3\\envs\\audio\\Lib\\site-packages\\~ransformers\\models\\blip\\processing_blip.py', reloading
[2025-03-29 17:17:01,302] werkzeug - INFO -  * Detected change in 'C:\\Users\\suraj\\Miniconda3\\envs\\audio\\Lib\\site-packages\\~ransformers\\models\\blip\\processing_blip.py', reloading
[2025-03-29 17:17:01,303] werkzeug - INFO -  * Detected change in 'C:\\Users\\suraj\\Miniconda3\\envs\\audio\\Lib\\site-packages\\~ransformers\\models\\blip\\__init__.py', reloading
[2025-03-29 17:17:01,304] werkzeug - INFO -  * Detected change in 'C:\\Users\\suraj\\Miniconda3\\envs\\audio\\Lib\\site-packages\\transformers\\models\\blip\\__init__.py', reloading
[2025-03-29 17:17:01,308] werkzeug - INFO -  * Detected change in 'C:\\Users\\suraj\\Miniconda3\\envs\\audio\\Lib\\site-packages\\~ransformers\\models\\blip\\__init__.py', reloading
[2025-03-29 17:17:01,309] werkzeug - INFO -  * Detected change in 'C:\\Users\\suraj\\Miniconda3\\envs\\audio\\Lib\\site-packages\\~ransformers\\models\\blip\\__init__.py', reloading
[2025-03-29 17:17:01,329] werkzeug - INFO -  * Detected change in 'C:\\Users\\suraj\\Miniconda3\\envs\\audio\\Lib\\site-packages\\~ransformers\\models\\blip_2\\configuration_blip_2.py', reloading
[2025-03-29 17:17:01,332] werkzeug - INFO -  * Detected change in 'C:\\Users\\suraj\\Miniconda3\\envs\\audio\\Lib\\site-packages\\~ransformers\\models\\blip_2\\configuration_blip_2.py', reloading
[2025-03-29 17:17:01,332] werkzeug - INFO -  * Detected change in 'C:\\Users\\suraj\\Miniconda3\\envs\\audio\\Lib\\site-packages\\~ransformers\\models\\blip_2\\configuration_blip_2.py', reloading
[2025-03-29 17:17:01,333] werkzeug - INFO -  * Detected change in 'C:\\Users\\suraj\\Miniconda3\\envs\\audio\\Lib\\site-packages\\~ransformers\\models\\blip_2\\modeling_blip_2.py', reloading
[2025-03-29 17:17:01,335] werkzeug - INFO -  * Detected change in 'C:\\Users\\suraj\\Miniconda3\\envs\\audio\\Lib\\site-packages\\~ransformers\\models\\blip_2\\modeling_blip_2.py', reloading
[2025-03-29 17:17:01,336] werkzeug - INFO -  * Detected change in 'C:\\Users\\suraj\\Miniconda3\\envs\\audio\\Lib\\site-packages\\~ransformers\\models\\blip_2\\modeling_blip_2.py', reloading
[2025-03-29 17:17:01,337] werkzeug - INFO -  * Detected change in 'C:\\Users\\suraj\\Miniconda3\\envs\\audio\\Lib\\site-packages\\~ransformers\\models\\blip_2\\processing_blip_2.py', reloading
[2025-03-29 17:17:01,339] werkzeug - INFO -  * Detected change in 'C:\\Users\\suraj\\Miniconda3\\envs\\audio\\Lib\\site-packages\\~ransformers\\models\\blip_2\\processing_blip_2.py', reloading
[2025-03-29 17:17:01,340] werkzeug - INFO -  * Detected change in 'C:\\Users\\suraj\\Miniconda3\\envs\\audio\\Lib\\site-packages\\~ransformers\\models\\blip_2\\processing_blip_2.py', reloading
[2025-03-29 17:17:01,341] werkzeug - INFO -  * Detected change in 'C:\\Users\\suraj\\Miniconda3\\envs\\audio\\Lib\\site-packages\\~ransformers\\models\\blip_2\\__init__.py', reloading
[2025-03-29 17:17:01,342] werkzeug - INFO -  * Detected change in 'C:\\Users\\suraj\\Miniconda3\\envs\\audio\\Lib\\site-packages\\transformers\\models\\blip_2\\__init__.py', reloading
[2025-03-29 17:17:01,346] werkzeug - INFO -  * Detected change in 'C:\\Users\\suraj\\Miniconda3\\envs\\audio\\Lib\\site-packages\\~ransformers\\models\\blip_2\\__init__.py', reloading
[2025-03-29 17:17:01,347] werkzeug - INFO -  * Detected change in 'C:\\Users\\suraj\\Miniconda3\\envs\\audio\\Lib\\site-packages\\~ransformers\\models\\blip_2\\__init__.py', reloading
[2025-03-29 17:17:01,357] werkzeug - INFO -  * Detected change in 'C:\\Users\\suraj\\Miniconda3\\envs\\audio\\Lib\\site-packages\\~ransformers\\models\\bloom\\configuration_bloom.py', reloading
[2025-03-29 17:17:01,360] werkzeug - INFO -  * Detected change in 'C:\\Users\\suraj\\Miniconda3\\envs\\audio\\Lib\\site-packages\\~ransformers\\models\\bloom\\configuration_bloom.py', reloading
[2025-03-29 17:17:01,361] werkzeug - INFO -  * Detected change in 'C:\\Users\\suraj\\Miniconda3\\envs\\audio\\Lib\\site-packages\\~ransformers\\models\\bloom\\configuration_bloom.py', reloading
[2025-03-29 17:17:01,361] werkzeug - INFO -  * Detected change in 'C:\\Users\\suraj\\Miniconda3\\envs\\audio\\Lib\\site-packages\\~ransformers\\models\\bloom\\modeling_bloom.py', reloading
[2025-03-29 17:17:01,363] werkzeug - INFO -  * Detected change in 'C:\\Users\\suraj\\Miniconda3\\envs\\audio\\Lib\\site-packages\\~ransformers\\models\\bloom\\modeling_bloom.py', reloading
[2025-03-29 17:17:01,363] werkzeug - INFO -  * Detected change in 'C:\\Users\\suraj\\Miniconda3\\envs\\audio\\Lib\\site-packages\\~ransformers\\models\\bloom\\modeling_bloom.py', reloading
[2025-03-29 17:17:01,364] werkzeug - INFO -  * Detected change in 'C:\\Users\\suraj\\Miniconda3\\envs\\audio\\Lib\\site-packages\\~ransformers\\models\\bloom\\modeling_flax_bloom.py', reloading
[2025-03-29 17:17:01,367] werkzeug - INFO -  * Detected change in 'C:\\Users\\suraj\\Miniconda3\\envs\\audio\\Lib\\site-packages\\~ransformers\\models\\bloom\\modeling_flax_bloom.py', reloading
[2025-03-29 17:17:01,368] werkzeug - INFO -  * Detected change in 'C:\\Users\\suraj\\Miniconda3\\envs\\audio\\Lib\\site-packages\\~ransformers\\models\\bloom\\modeling_flax_bloom.py', reloading
[2025-03-29 17:17:01,369] werkzeug - INFO -  * Detected change in 'C:\\Users\\suraj\\Miniconda3\\envs\\audio\\Lib\\site-packages\\~ransformers\\models\\bloom\\tokenization_bloom_fast.py', reloading
[2025-03-29 17:17:01,371] werkzeug - INFO -  * Detected change in 'C:\\Users\\suraj\\Miniconda3\\envs\\audio\\Lib\\site-packages\\~ransformers\\models\\bloom\\tokenization_bloom_fast.py', reloading
[2025-03-29 17:17:01,371] werkzeug - INFO -  * Detected change in 'C:\\Users\\suraj\\Miniconda3\\envs\\audio\\Lib\\site-packages\\~ransformers\\models\\bloom\\tokenization_bloom_fast.py', reloading
[2025-03-29 17:17:01,372] werkzeug - INFO -  * Detected change in 'C:\\Users\\suraj\\Miniconda3\\envs\\audio\\Lib\\site-packages\\~ransformers\\models\\bloom\\__init__.py', reloading
[2025-03-29 17:17:01,373] werkzeug - INFO -  * Detected change in 'C:\\Users\\suraj\\Miniconda3\\envs\\audio\\Lib\\site-packages\\transformers\\models\\bloom\\__init__.py', reloading
[2025-03-29 17:17:01,377] werkzeug - INFO -  * Detected change in 'C:\\Users\\suraj\\Miniconda3\\envs\\audio\\Lib\\site-packages\\~ransformers\\models\\bloom\\__init__.py', reloading
[2025-03-29 17:17:01,378] werkzeug - INFO -  * Detected change in 'C:\\Users\\suraj\\Miniconda3\\envs\\audio\\Lib\\site-packages\\~ransformers\\models\\bloom\\__init__.py', reloading
[2025-03-29 17:17:01,390] werkzeug - INFO -  * Detected change in 'C:\\Users\\suraj\\Miniconda3\\envs\\audio\\Lib\\site-packages\\~ransformers\\models\\bridgetower\\configuration_bridgetower.py', reloading
[2025-03-29 17:17:01,392] werkzeug - INFO -  * Detected change in 'C:\\Users\\suraj\\Miniconda3\\envs\\audio\\Lib\\site-packages\\~ransformers\\models\\bridgetower\\configuration_bridgetower.py', reloading
[2025-03-29 17:17:01,393] werkzeug - INFO -  * Detected change in 'C:\\Users\\suraj\\Miniconda3\\envs\\audio\\Lib\\site-packages\\~ransformers\\models\\bridgetower\\configuration_bridgetower.py', reloading
[2025-03-29 17:17:01,394] werkzeug - INFO -  * Detected change in 'C:\\Users\\suraj\\Miniconda3\\envs\\audio\\Lib\\site-packages\\~ransformers\\models\\bridgetower\\image_processing_bridgetower.py', reloading
[2025-03-29 17:17:01,395] werkzeug - INFO -  * Detected change in 'C:\\Users\\suraj\\Miniconda3\\envs\\audio\\Lib\\site-packages\\~ransformers\\models\\bridgetower\\image_processing_bridgetower.py', reloading
[2025-03-29 17:17:01,396] werkzeug - INFO -  * Detected change in 'C:\\Users\\suraj\\Miniconda3\\envs\\audio\\Lib\\site-packages\\~ransformers\\models\\bridgetower\\image_processing_bridgetower.py', reloading
[2025-03-29 17:17:01,397] werkzeug - INFO -  * Detected change in 'C:\\Users\\suraj\\Miniconda3\\envs\\audio\\Lib\\site-packages\\~ransformers\\models\\bridgetower\\modeling_bridgetower.py', reloading
[2025-03-29 17:17:01,399] werkzeug - INFO -  * Detected change in 'C:\\Users\\suraj\\Miniconda3\\envs\\audio\\Lib\\site-packages\\~ransformers\\models\\bridgetower\\modeling_bridgetower.py', reloading
[2025-03-29 17:17:01,400] werkzeug - INFO -  * Detected change in 'C:\\Users\\suraj\\Miniconda3\\envs\\audio\\Lib\\site-packages\\~ransformers\\models\\bridgetower\\modeling_bridgetower.py', reloading
[2025-03-29 17:17:01,401] werkzeug - INFO -  * Detected change in 'C:\\Users\\suraj\\Miniconda3\\envs\\audio\\Lib\\site-packages\\~ransformers\\models\\bridgetower\\processing_bridgetower.py', reloading
[2025-03-29 17:17:01,403] werkzeug - INFO -  * Detected change in 'C:\\Users\\suraj\\Miniconda3\\envs\\audio\\Lib\\site-packages\\~ransformers\\models\\bridgetower\\processing_bridgetower.py', reloading
[2025-03-29 17:17:01,403] werkzeug - INFO -  * Detected change in 'C:\\Users\\suraj\\Miniconda3\\envs\\audio\\Lib\\site-packages\\~ransformers\\models\\bridgetower\\processing_bridgetower.py', reloading
[2025-03-29 17:17:01,404] werkzeug - INFO -  * Detected change in 'C:\\Users\\suraj\\Miniconda3\\envs\\audio\\Lib\\site-packages\\~ransformers\\models\\bridgetower\\__init__.py', reloading
[2025-03-29 17:17:01,405] werkzeug - INFO -  * Detected change in 'C:\\Users\\suraj\\Miniconda3\\envs\\audio\\Lib\\site-packages\\transformers\\models\\bridgetower\\__init__.py', reloading
[2025-03-29 17:17:01,409] werkzeug - INFO -  * Detected change in 'C:\\Users\\suraj\\Miniconda3\\envs\\audio\\Lib\\site-packages\\~ransformers\\models\\bridgetower\\__init__.py', reloading
[2025-03-29 17:17:01,410] werkzeug - INFO -  * Detected change in 'C:\\Users\\suraj\\Miniconda3\\envs\\audio\\Lib\\site-packages\\~ransformers\\models\\bridgetower\\__init__.py', reloading
[2025-03-29 17:17:01,422] werkzeug - INFO -  * Detected change in 'C:\\Users\\suraj\\Miniconda3\\envs\\audio\\Lib\\site-packages\\~ransformers\\models\\bros\\configuration_bros.py', reloading
[2025-03-29 17:17:01,424] werkzeug - INFO -  * Detected change in 'C:\\Users\\suraj\\Miniconda3\\envs\\audio\\Lib\\site-packages\\~ransformers\\models\\bros\\configuration_bros.py', reloading
[2025-03-29 17:17:01,425] werkzeug - INFO -  * Detected change in 'C:\\Users\\suraj\\Miniconda3\\envs\\audio\\Lib\\site-packages\\~ransformers\\models\\bros\\configuration_bros.py', reloading
[2025-03-29 17:17:01,426] werkzeug - INFO -  * Detected change in 'C:\\Users\\suraj\\Miniconda3\\envs\\audio\\Lib\\site-packages\\~ransformers\\models\\bros\\modeling_bros.py', reloading
[2025-03-29 17:17:01,427] werkzeug - INFO -  * Detected change in 'C:\\Users\\suraj\\Miniconda3\\envs\\audio\\Lib\\site-packages\\~ransformers\\models\\bros\\modeling_bros.py', reloading
[2025-03-29 17:17:01,428] werkzeug - INFO -  * Detected change in 'C:\\Users\\suraj\\Miniconda3\\envs\\audio\\Lib\\site-packages\\~ransformers\\models\\bros\\modeling_bros.py', reloading
[2025-03-29 17:17:01,429] werkzeug - INFO -  * Detected change in 'C:\\Users\\suraj\\Miniconda3\\envs\\audio\\Lib\\site-packages\\~ransformers\\models\\bros\\processing_bros.py', reloading
[2025-03-29 17:17:01,431] werkzeug - INFO -  * Detected change in 'C:\\Users\\suraj\\Miniconda3\\envs\\audio\\Lib\\site-packages\\~ransformers\\models\\bros\\processing_bros.py', reloading
[2025-03-29 17:17:01,432] werkzeug - INFO -  * Detected change in 'C:\\Users\\suraj\\Miniconda3\\envs\\audio\\Lib\\site-packages\\~ransformers\\models\\bros\\processing_bros.py', reloading
[2025-03-29 17:17:01,433] werkzeug - INFO -  * Detected change in 'C:\\Users\\suraj\\Miniconda3\\envs\\audio\\Lib\\site-packages\\~ransformers\\models\\bros\\__init__.py', reloading
[2025-03-29 17:17:01,434] werkzeug - INFO -  * Detected change in 'C:\\Users\\suraj\\Miniconda3\\envs\\audio\\Lib\\site-packages\\transformers\\models\\bros\\__init__.py', reloading
[2025-03-29 17:17:01,438] werkzeug - INFO -  * Detected change in 'C:\\Users\\suraj\\Miniconda3\\envs\\audio\\Lib\\site-packages\\~ransformers\\models\\bros\\__init__.py', reloading
[2025-03-29 17:17:01,439] werkzeug - INFO -  * Detected change in 'C:\\Users\\suraj\\Miniconda3\\envs\\audio\\Lib\\site-packages\\~ransformers\\models\\bros\\__init__.py', reloading
[2025-03-29 17:17:01,449] werkzeug - INFO -  * Detected change in 'C:\\Users\\suraj\\Miniconda3\\envs\\audio\\Lib\\site-packages\\~ransformers\\models\\byt5\\tokenization_byt5.py', reloading
[2025-03-29 17:17:01,451] werkzeug - INFO -  * Detected change in 'C:\\Users\\suraj\\Miniconda3\\envs\\audio\\Lib\\site-packages\\~ransformers\\models\\byt5\\tokenization_byt5.py', reloading
[2025-03-29 17:17:01,452] werkzeug - INFO -  * Detected change in 'C:\\Users\\suraj\\Miniconda3\\envs\\audio\\Lib\\site-packages\\~ransformers\\models\\byt5\\tokenization_byt5.py', reloading
[2025-03-29 17:17:01,453] werkzeug - INFO -  * Detected change in 'C:\\Users\\suraj\\Miniconda3\\envs\\audio\\Lib\\site-packages\\~ransformers\\models\\byt5\\__init__.py', reloading
[2025-03-29 17:17:01,454] werkzeug - INFO -  * Detected change in 'C:\\Users\\suraj\\Miniconda3\\envs\\audio\\Lib\\site-packages\\transformers\\models\\byt5\\__init__.py', reloading
[2025-03-29 17:17:01,457] werkzeug - INFO -  * Detected change in 'C:\\Users\\suraj\\Miniconda3\\envs\\audio\\Lib\\site-packages\\~ransformers\\models\\byt5\\__init__.py', reloading
[2025-03-29 17:17:01,458] werkzeug - INFO -  * Detected change in 'C:\\Users\\suraj\\Miniconda3\\envs\\audio\\Lib\\site-packages\\~ransformers\\models\\byt5\\__init__.py', reloading
[2025-03-29 17:17:01,465] werkzeug - INFO -  * Detected change in 'C:\\Users\\suraj\\Miniconda3\\envs\\audio\\Lib\\site-packages\\~ransformers\\models\\camembert\\configuration_camembert.py', reloading
[2025-03-29 17:17:01,467] werkzeug - INFO -  * Detected change in 'C:\\Users\\suraj\\Miniconda3\\envs\\audio\\Lib\\site-packages\\~ransformers\\models\\camembert\\configuration_camembert.py', reloading
[2025-03-29 17:17:01,468] werkzeug - INFO -  * Detected change in 'C:\\Users\\suraj\\Miniconda3\\envs\\audio\\Lib\\site-packages\\~ransformers\\models\\camembert\\configuration_camembert.py', reloading
[2025-03-29 17:17:01,469] werkzeug - INFO -  * Detected change in 'C:\\Users\\suraj\\Miniconda3\\envs\\audio\\Lib\\site-packages\\~ransformers\\models\\camembert\\modeling_camembert.py', reloading
[2025-03-29 17:17:01,471] werkzeug - INFO -  * Detected change in 'C:\\Users\\suraj\\Miniconda3\\envs\\audio\\Lib\\site-packages\\~ransformers\\models\\camembert\\modeling_camembert.py', reloading
[2025-03-29 17:17:01,471] werkzeug - INFO -  * Detected change in 'C:\\Users\\suraj\\Miniconda3\\envs\\audio\\Lib\\site-packages\\~ransformers\\models\\camembert\\modeling_camembert.py', reloading
[2025-03-29 17:17:01,472] werkzeug - INFO -  * Detected change in 'C:\\Users\\suraj\\Miniconda3\\envs\\audio\\Lib\\site-packages\\~ransformers\\models\\camembert\\modeling_tf_camembert.py', reloading
[2025-03-29 17:17:01,475] werkzeug - INFO -  * Detected change in 'C:\\Users\\suraj\\Miniconda3\\envs\\audio\\Lib\\site-packages\\~ransformers\\models\\camembert\\modeling_tf_camembert.py', reloading
[2025-03-29 17:17:01,475] werkzeug - INFO -  * Detected change in 'C:\\Users\\suraj\\Miniconda3\\envs\\audio\\Lib\\site-packages\\~ransformers\\models\\camembert\\modeling_tf_camembert.py', reloading
[2025-03-29 17:17:01,476] werkzeug - INFO -  * Detected change in 'C:\\Users\\suraj\\Miniconda3\\envs\\audio\\Lib\\site-packages\\~ransformers\\models\\camembert\\tokenization_camembert.py', reloading
[2025-03-29 17:17:01,478] werkzeug - INFO -  * Detected change in 'C:\\Users\\suraj\\Miniconda3\\envs\\audio\\Lib\\site-packages\\~ransformers\\models\\camembert\\tokenization_camembert.py', reloading
[2025-03-29 17:17:01,479] werkzeug - INFO -  * Detected change in 'C:\\Users\\suraj\\Miniconda3\\envs\\audio\\Lib\\site-packages\\~ransformers\\models\\camembert\\tokenization_camembert.py', reloading
[2025-03-29 17:17:01,480] werkzeug - INFO -  * Detected change in 'C:\\Users\\suraj\\Miniconda3\\envs\\audio\\Lib\\site-packages\\~ransformers\\models\\camembert\\tokenization_camembert_fast.py', reloading
[2025-03-29 17:17:01,482] werkzeug - INFO -  * Detected change in 'C:\\Users\\suraj\\Miniconda3\\envs\\audio\\Lib\\site-packages\\~ransformers\\models\\camembert\\tokenization_camembert_fast.py', reloading
[2025-03-29 17:17:01,482] werkzeug - INFO -  * Detected change in 'C:\\Users\\suraj\\Miniconda3\\envs\\audio\\Lib\\site-packages\\~ransformers\\models\\camembert\\tokenization_camembert_fast.py', reloading
[2025-03-29 17:17:01,484] werkzeug - INFO -  * Detected change in 'C:\\Users\\suraj\\Miniconda3\\envs\\audio\\Lib\\site-packages\\~ransformers\\models\\camembert\\__init__.py', reloading
[2025-03-29 17:17:01,485] werkzeug - INFO -  * Detected change in 'C:\\Users\\suraj\\Miniconda3\\envs\\audio\\Lib\\site-packages\\transformers\\models\\camembert\\__init__.py', reloading
[2025-03-29 17:17:01,488] werkzeug - INFO -  * Detected change in 'C:\\Users\\suraj\\Miniconda3\\envs\\audio\\Lib\\site-packages\\~ransformers\\models\\camembert\\__init__.py', reloading
[2025-03-29 17:17:01,489] werkzeug - INFO -  * Detected change in 'C:\\Users\\suraj\\Miniconda3\\envs\\audio\\Lib\\site-packages\\~ransformers\\models\\camembert\\__init__.py', reloading
[2025-03-29 17:17:01,504] werkzeug - INFO -  * Detected change in 'C:\\Users\\suraj\\Miniconda3\\envs\\audio\\Lib\\site-packages\\~ransformers\\models\\canine\\configuration_canine.py', reloading
[2025-03-29 17:17:01,506] werkzeug - INFO -  * Detected change in 'C:\\Users\\suraj\\Miniconda3\\envs\\audio\\Lib\\site-packages\\~ransformers\\models\\canine\\configuration_canine.py', reloading
[2025-03-29 17:17:01,507] werkzeug - INFO -  * Detected change in 'C:\\Users\\suraj\\Miniconda3\\envs\\audio\\Lib\\site-packages\\~ransformers\\models\\canine\\configuration_canine.py', reloading
[2025-03-29 17:17:01,508] werkzeug - INFO -  * Detected change in 'C:\\Users\\suraj\\Miniconda3\\envs\\audio\\Lib\\site-packages\\~ransformers\\models\\canine\\modeling_canine.py', reloading
[2025-03-29 17:17:01,509] werkzeug - INFO -  * Detected change in 'C:\\Users\\suraj\\Miniconda3\\envs\\audio\\Lib\\site-packages\\~ransformers\\models\\canine\\modeling_canine.py', reloading
[2025-03-29 17:17:01,510] werkzeug - INFO -  * Detected change in 'C:\\Users\\suraj\\Miniconda3\\envs\\audio\\Lib\\site-packages\\~ransformers\\models\\canine\\modeling_canine.py', reloading
[2025-03-29 17:17:01,511] werkzeug - INFO -  * Detected change in 'C:\\Users\\suraj\\Miniconda3\\envs\\audio\\Lib\\site-packages\\~ransformers\\models\\canine\\tokenization_canine.py', reloading
[2025-03-29 17:17:01,513] werkzeug - INFO -  * Detected change in 'C:\\Users\\suraj\\Miniconda3\\envs\\audio\\Lib\\site-packages\\~ransformers\\models\\canine\\tokenization_canine.py', reloading
[2025-03-29 17:17:01,514] werkzeug - INFO -  * Detected change in 'C:\\Users\\suraj\\Miniconda3\\envs\\audio\\Lib\\site-packages\\~ransformers\\models\\canine\\tokenization_canine.py', reloading
[2025-03-29 17:17:01,515] werkzeug - INFO -  * Detected change in 'C:\\Users\\suraj\\Miniconda3\\envs\\audio\\Lib\\site-packages\\~ransformers\\models\\canine\\__init__.py', reloading
[2025-03-29 17:17:01,516] werkzeug - INFO -  * Detected change in 'C:\\Users\\suraj\\Miniconda3\\envs\\audio\\Lib\\site-packages\\transformers\\models\\canine\\__init__.py', reloading
[2025-03-29 17:17:01,520] werkzeug - INFO -  * Detected change in 'C:\\Users\\suraj\\Miniconda3\\envs\\audio\\Lib\\site-packages\\~ransformers\\models\\canine\\__init__.py', reloading
[2025-03-29 17:17:01,520] werkzeug - INFO -  * Detected change in 'C:\\Users\\suraj\\Miniconda3\\envs\\audio\\Lib\\site-packages\\~ransformers\\models\\canine\\__init__.py', reloading
[2025-03-29 17:17:01,530] werkzeug - INFO -  * Detected change in 'C:\\Users\\suraj\\Miniconda3\\envs\\audio\\Lib\\site-packages\\~ransformers\\models\\chameleon\\configuration_chameleon.py', reloading
[2025-03-29 17:17:01,533] werkzeug - INFO -  * Detected change in 'C:\\Users\\suraj\\Miniconda3\\envs\\audio\\Lib\\site-packages\\~ransformers\\models\\chameleon\\configuration_chameleon.py', reloading
[2025-03-29 17:17:01,534] werkzeug - INFO -  * Detected change in 'C:\\Users\\suraj\\Miniconda3\\envs\\audio\\Lib\\site-packages\\~ransformers\\models\\chameleon\\configuration_chameleon.py', reloading
[2025-03-29 17:17:01,535] werkzeug - INFO -  * Detected change in 'C:\\Users\\suraj\\Miniconda3\\envs\\audio\\Lib\\site-packages\\~ransformers\\models\\chameleon\\image_processing_chameleon.py', reloading
[2025-03-29 17:17:01,537] werkzeug - INFO -  * Detected change in 'C:\\Users\\suraj\\Miniconda3\\envs\\audio\\Lib\\site-packages\\~ransformers\\models\\chameleon\\image_processing_chameleon.py', reloading
[2025-03-29 17:17:01,537] werkzeug - INFO -  * Detected change in 'C:\\Users\\suraj\\Miniconda3\\envs\\audio\\Lib\\site-packages\\~ransformers\\models\\chameleon\\image_processing_chameleon.py', reloading
[2025-03-29 17:17:01,539] werkzeug - INFO -  * Detected change in 'C:\\Users\\suraj\\Miniconda3\\envs\\audio\\Lib\\site-packages\\~ransformers\\models\\chameleon\\modeling_chameleon.py', reloading
[2025-03-29 17:17:01,541] werkzeug - INFO -  * Detected change in 'C:\\Users\\suraj\\Miniconda3\\envs\\audio\\Lib\\site-packages\\~ransformers\\models\\chameleon\\modeling_chameleon.py', reloading
[2025-03-29 17:17:01,542] werkzeug - INFO -  * Detected change in 'C:\\Users\\suraj\\Miniconda3\\envs\\audio\\Lib\\site-packages\\~ransformers\\models\\chameleon\\modeling_chameleon.py', reloading
[2025-03-29 17:17:01,543] werkzeug - INFO -  * Detected change in 'C:\\Users\\suraj\\Miniconda3\\envs\\audio\\Lib\\site-packages\\~ransformers\\models\\chameleon\\processing_chameleon.py', reloading
[2025-03-29 17:17:01,545] werkzeug - INFO -  * Detected change in 'C:\\Users\\suraj\\Miniconda3\\envs\\audio\\Lib\\site-packages\\~ransformers\\models\\chameleon\\processing_chameleon.py', reloading
[2025-03-29 17:17:01,546] werkzeug - INFO -  * Detected change in 'C:\\Users\\suraj\\Miniconda3\\envs\\audio\\Lib\\site-packages\\~ransformers\\models\\chameleon\\processing_chameleon.py', reloading
[2025-03-29 17:17:01,547] werkzeug - INFO -  * Detected change in 'C:\\Users\\suraj\\Miniconda3\\envs\\audio\\Lib\\site-packages\\~ransformers\\models\\chameleon\\__init__.py', reloading
[2025-03-29 17:17:01,548] werkzeug - INFO -  * Detected change in 'C:\\Users\\suraj\\Miniconda3\\envs\\audio\\Lib\\site-packages\\transformers\\models\\chameleon\\__init__.py', reloading
[2025-03-29 17:17:01,552] werkzeug - INFO -  * Detected change in 'C:\\Users\\suraj\\Miniconda3\\envs\\audio\\Lib\\site-packages\\~ransformers\\models\\chameleon\\__init__.py', reloading
[2025-03-29 17:17:01,552] werkzeug - INFO -  * Detected change in 'C:\\Users\\suraj\\Miniconda3\\envs\\audio\\Lib\\site-packages\\~ransformers\\models\\chameleon\\__init__.py', reloading
[2025-03-29 17:17:01,566] werkzeug - INFO -  * Detected change in 'C:\\Users\\suraj\\Miniconda3\\envs\\audio\\Lib\\site-packages\\~ransformers\\models\\chinese_clip\\configuration_chinese_clip.py', reloading
[2025-03-29 17:17:01,568] werkzeug - INFO -  * Detected change in 'C:\\Users\\suraj\\Miniconda3\\envs\\audio\\Lib\\site-packages\\~ransformers\\models\\chinese_clip\\configuration_chinese_clip.py', reloading
[2025-03-29 17:17:01,569] werkzeug - INFO -  * Detected change in 'C:\\Users\\suraj\\Miniconda3\\envs\\audio\\Lib\\site-packages\\~ransformers\\models\\chinese_clip\\configuration_chinese_clip.py', reloading
[2025-03-29 17:17:01,570] werkzeug - INFO -  * Detected change in 'C:\\Users\\suraj\\Miniconda3\\envs\\audio\\Lib\\site-packages\\~ransformers\\models\\chinese_clip\\feature_extraction_chinese_clip.py', reloading
[2025-03-29 17:17:01,572] werkzeug - INFO -  * Detected change in 'C:\\Users\\suraj\\Miniconda3\\envs\\audio\\Lib\\site-packages\\~ransformers\\models\\chinese_clip\\feature_extraction_chinese_clip.py', reloading
[2025-03-29 17:17:01,572] werkzeug - INFO -  * Detected change in 'C:\\Users\\suraj\\Miniconda3\\envs\\audio\\Lib\\site-packages\\~ransformers\\models\\chinese_clip\\feature_extraction_chinese_clip.py', reloading
[2025-03-29 17:17:01,574] werkzeug - INFO -  * Detected change in 'C:\\Users\\suraj\\Miniconda3\\envs\\audio\\Lib\\site-packages\\~ransformers\\models\\chinese_clip\\image_processing_chinese_clip.py', reloading
[2025-03-29 17:17:01,576] werkzeug - INFO -  * Detected change in 'C:\\Users\\suraj\\Miniconda3\\envs\\audio\\Lib\\site-packages\\~ransformers\\models\\chinese_clip\\image_processing_chinese_clip.py', reloading
[2025-03-29 17:17:01,576] werkzeug - INFO -  * Detected change in 'C:\\Users\\suraj\\Miniconda3\\envs\\audio\\Lib\\site-packages\\~ransformers\\models\\chinese_clip\\image_processing_chinese_clip.py', reloading
[2025-03-29 17:17:01,577] werkzeug - INFO -  * Detected change in 'C:\\Users\\suraj\\Miniconda3\\envs\\audio\\Lib\\site-packages\\~ransformers\\models\\chinese_clip\\modeling_chinese_clip.py', reloading
[2025-03-29 17:17:01,579] werkzeug - INFO -  * Detected change in 'C:\\Users\\suraj\\Miniconda3\\envs\\audio\\Lib\\site-packages\\~ransformers\\models\\chinese_clip\\modeling_chinese_clip.py', reloading
[2025-03-29 17:17:01,580] werkzeug - INFO -  * Detected change in 'C:\\Users\\suraj\\Miniconda3\\envs\\audio\\Lib\\site-packages\\~ransformers\\models\\chinese_clip\\modeling_chinese_clip.py', reloading
[2025-03-29 17:17:01,581] werkzeug - INFO -  * Detected change in 'C:\\Users\\suraj\\Miniconda3\\envs\\audio\\Lib\\site-packages\\~ransformers\\models\\chinese_clip\\processing_chinese_clip.py', reloading
[2025-03-29 17:17:01,583] werkzeug - INFO -  * Detected change in 'C:\\Users\\suraj\\Miniconda3\\envs\\audio\\Lib\\site-packages\\~ransformers\\models\\chinese_clip\\processing_chinese_clip.py', reloading
[2025-03-29 17:17:01,583] werkzeug - INFO -  * Detected change in 'C:\\Users\\suraj\\Miniconda3\\envs\\audio\\Lib\\site-packages\\~ransformers\\models\\chinese_clip\\processing_chinese_clip.py', reloading
[2025-03-29 17:17:01,584] werkzeug - INFO -  * Detected change in 'C:\\Users\\suraj\\Miniconda3\\envs\\audio\\Lib\\site-packages\\~ransformers\\models\\chinese_clip\\__init__.py', reloading
[2025-03-29 17:17:01,585] werkzeug - INFO -  * Detected change in 'C:\\Users\\suraj\\Miniconda3\\envs\\audio\\Lib\\site-packages\\transformers\\models\\chinese_clip\\__init__.py', reloading
[2025-03-29 17:17:01,589] werkzeug - INFO -  * Detected change in 'C:\\Users\\suraj\\Miniconda3\\envs\\audio\\Lib\\site-packages\\~ransformers\\models\\chinese_clip\\__init__.py', reloading
[2025-03-29 17:17:01,590] werkzeug - INFO -  * Detected change in 'C:\\Users\\suraj\\Miniconda3\\envs\\audio\\Lib\\site-packages\\~ransformers\\models\\chinese_clip\\__init__.py', reloading
[2025-03-29 17:17:01,603] werkzeug - INFO -  * Detected change in 'C:\\Users\\suraj\\Miniconda3\\envs\\audio\\Lib\\site-packages\\~ransformers\\models\\clap\\configuration_clap.py', reloading
[2025-03-29 17:17:01,605] werkzeug - INFO -  * Detected change in 'C:\\Users\\suraj\\Miniconda3\\envs\\audio\\Lib\\site-packages\\~ransformers\\models\\clap\\configuration_clap.py', reloading
[2025-03-29 17:17:01,606] werkzeug - INFO -  * Detected change in 'C:\\Users\\suraj\\Miniconda3\\envs\\audio\\Lib\\site-packages\\~ransformers\\models\\clap\\configuration_clap.py', reloading
[2025-03-29 17:17:01,607] werkzeug - INFO -  * Detected change in 'C:\\Users\\suraj\\Miniconda3\\envs\\audio\\Lib\\site-packages\\~ransformers\\models\\clap\\feature_extraction_clap.py', reloading
[2025-03-29 17:17:01,609] werkzeug - INFO -  * Detected change in 'C:\\Users\\suraj\\Miniconda3\\envs\\audio\\Lib\\site-packages\\~ransformers\\models\\clap\\feature_extraction_clap.py', reloading
[2025-03-29 17:17:01,609] werkzeug - INFO -  * Detected change in 'C:\\Users\\suraj\\Miniconda3\\envs\\audio\\Lib\\site-packages\\~ransformers\\models\\clap\\feature_extraction_clap.py', reloading
[2025-03-29 17:17:01,611] werkzeug - INFO -  * Detected change in 'C:\\Users\\suraj\\Miniconda3\\envs\\audio\\Lib\\site-packages\\~ransformers\\models\\clap\\modeling_clap.py', reloading
[2025-03-29 17:17:01,612] werkzeug - INFO -  * Detected change in 'C:\\Users\\suraj\\Miniconda3\\envs\\audio\\Lib\\site-packages\\~ransformers\\models\\clap\\modeling_clap.py', reloading
[2025-03-29 17:17:01,613] werkzeug - INFO -  * Detected change in 'C:\\Users\\suraj\\Miniconda3\\envs\\audio\\Lib\\site-packages\\~ransformers\\models\\clap\\modeling_clap.py', reloading
[2025-03-29 17:17:01,614] werkzeug - INFO -  * Detected change in 'C:\\Users\\suraj\\Miniconda3\\envs\\audio\\Lib\\site-packages\\~ransformers\\models\\clap\\processing_clap.py', reloading
[2025-03-29 17:17:01,616] werkzeug - INFO -  * Detected change in 'C:\\Users\\suraj\\Miniconda3\\envs\\audio\\Lib\\site-packages\\~ransformers\\models\\clap\\processing_clap.py', reloading
[2025-03-29 17:17:01,617] werkzeug - INFO -  * Detected change in 'C:\\Users\\suraj\\Miniconda3\\envs\\audio\\Lib\\site-packages\\~ransformers\\models\\clap\\processing_clap.py', reloading
[2025-03-29 17:17:01,618] werkzeug - INFO -  * Detected change in 'C:\\Users\\suraj\\Miniconda3\\envs\\audio\\Lib\\site-packages\\~ransformers\\models\\clap\\__init__.py', reloading
[2025-03-29 17:17:01,619] werkzeug - INFO -  * Detected change in 'C:\\Users\\suraj\\Miniconda3\\envs\\audio\\Lib\\site-packages\\transformers\\models\\clap\\__init__.py', reloading
[2025-03-29 17:17:01,623] werkzeug - INFO -  * Detected change in 'C:\\Users\\suraj\\Miniconda3\\envs\\audio\\Lib\\site-packages\\~ransformers\\models\\clap\\__init__.py', reloading
[2025-03-29 17:17:01,623] werkzeug - INFO -  * Detected change in 'C:\\Users\\suraj\\Miniconda3\\envs\\audio\\Lib\\site-packages\\~ransformers\\models\\clap\\__init__.py', reloading
[2025-03-29 17:17:01,635] werkzeug - INFO -  * Detected change in 'C:\\Users\\suraj\\Miniconda3\\envs\\audio\\Lib\\site-packages\\~ransformers\\models\\clip\\configuration_clip.py', reloading
[2025-03-29 17:17:01,638] werkzeug - INFO -  * Detected change in 'C:\\Users\\suraj\\Miniconda3\\envs\\audio\\Lib\\site-packages\\~ransformers\\models\\clip\\configuration_clip.py', reloading
[2025-03-29 17:17:01,639] werkzeug - INFO -  * Detected change in 'C:\\Users\\suraj\\Miniconda3\\envs\\audio\\Lib\\site-packages\\~ransformers\\models\\clip\\configuration_clip.py', reloading
[2025-03-29 17:17:01,640] werkzeug - INFO -  * Detected change in 'C:\\Users\\suraj\\Miniconda3\\envs\\audio\\Lib\\site-packages\\~ransformers\\models\\clip\\feature_extraction_clip.py', reloading
[2025-03-29 17:17:01,642] werkzeug - INFO -  * Detected change in 'C:\\Users\\suraj\\Miniconda3\\envs\\audio\\Lib\\site-packages\\~ransformers\\models\\clip\\feature_extraction_clip.py', reloading
[2025-03-29 17:17:01,642] werkzeug - INFO -  * Detected change in 'C:\\Users\\suraj\\Miniconda3\\envs\\audio\\Lib\\site-packages\\~ransformers\\models\\clip\\feature_extraction_clip.py', reloading
[2025-03-29 17:17:01,643] werkzeug - INFO -  * Detected change in 'C:\\Users\\suraj\\Miniconda3\\envs\\audio\\Lib\\site-packages\\~ransformers\\models\\clip\\image_processing_clip.py', reloading
[2025-03-29 17:17:01,646] werkzeug - INFO -  * Detected change in 'C:\\Users\\suraj\\Miniconda3\\envs\\audio\\Lib\\site-packages\\~ransformers\\models\\clip\\image_processing_clip.py', reloading
[2025-03-29 17:17:01,646] werkzeug - INFO -  * Detected change in 'C:\\Users\\suraj\\Miniconda3\\envs\\audio\\Lib\\site-packages\\~ransformers\\models\\clip\\image_processing_clip.py', reloading
[2025-03-29 17:17:01,648] werkzeug - INFO -  * Detected change in 'C:\\Users\\suraj\\Miniconda3\\envs\\audio\\Lib\\site-packages\\~ransformers\\models\\clip\\image_processing_clip_fast.py', reloading
[2025-03-29 17:17:01,651] werkzeug - INFO -  * Detected change in 'C:\\Users\\suraj\\Miniconda3\\envs\\audio\\Lib\\site-packages\\~ransformers\\models\\clip\\image_processing_clip_fast.py', reloading
[2025-03-29 17:17:01,651] werkzeug - INFO -  * Detected change in 'C:\\Users\\suraj\\Miniconda3\\envs\\audio\\Lib\\site-packages\\~ransformers\\models\\clip\\image_processing_clip_fast.py', reloading
[2025-03-29 17:17:01,653] werkzeug - INFO -  * Detected change in 'C:\\Users\\suraj\\Miniconda3\\envs\\audio\\Lib\\site-packages\\~ransformers\\models\\clip\\modeling_clip.py', reloading
[2025-03-29 17:17:01,656] werkzeug - INFO -  * Detected change in 'C:\\Users\\suraj\\Miniconda3\\envs\\audio\\Lib\\site-packages\\~ransformers\\models\\clip\\modeling_clip.py', reloading
[2025-03-29 17:17:01,656] werkzeug - INFO -  * Detected change in 'C:\\Users\\suraj\\Miniconda3\\envs\\audio\\Lib\\site-packages\\~ransformers\\models\\clip\\modeling_clip.py', reloading
[2025-03-29 17:17:01,658] werkzeug - INFO -  * Detected change in 'C:\\Users\\suraj\\Miniconda3\\envs\\audio\\Lib\\site-packages\\~ransformers\\models\\clip\\modeling_flax_clip.py', reloading
[2025-03-29 17:17:01,660] werkzeug - INFO -  * Detected change in 'C:\\Users\\suraj\\Miniconda3\\envs\\audio\\Lib\\site-packages\\~ransformers\\models\\clip\\modeling_flax_clip.py', reloading
[2025-03-29 17:17:01,661] werkzeug - INFO -  * Detected change in 'C:\\Users\\suraj\\Miniconda3\\envs\\audio\\Lib\\site-packages\\~ransformers\\models\\clip\\modeling_flax_clip.py', reloading
[2025-03-29 17:17:01,662] werkzeug - INFO -  * Detected change in 'C:\\Users\\suraj\\Miniconda3\\envs\\audio\\Lib\\site-packages\\~ransformers\\models\\clip\\modeling_tf_clip.py', reloading
[2025-03-29 17:17:01,664] werkzeug - INFO -  * Detected change in 'C:\\Users\\suraj\\Miniconda3\\envs\\audio\\Lib\\site-packages\\~ransformers\\models\\clip\\modeling_tf_clip.py', reloading
[2025-03-29 17:17:01,665] werkzeug - INFO -  * Detected change in 'C:\\Users\\suraj\\Miniconda3\\envs\\audio\\Lib\\site-packages\\~ransformers\\models\\clip\\modeling_tf_clip.py', reloading
[2025-03-29 17:17:01,666] werkzeug - INFO -  * Detected change in 'C:\\Users\\suraj\\Miniconda3\\envs\\audio\\Lib\\site-packages\\~ransformers\\models\\clip\\processing_clip.py', reloading
[2025-03-29 17:17:01,668] werkzeug - INFO -  * Detected change in 'C:\\Users\\suraj\\Miniconda3\\envs\\audio\\Lib\\site-packages\\~ransformers\\models\\clip\\processing_clip.py', reloading
[2025-03-29 17:17:01,668] werkzeug - INFO -  * Detected change in 'C:\\Users\\suraj\\Miniconda3\\envs\\audio\\Lib\\site-packages\\~ransformers\\models\\clip\\processing_clip.py', reloading
[2025-03-29 17:17:01,669] werkzeug - INFO -  * Detected change in 'C:\\Users\\suraj\\Miniconda3\\envs\\audio\\Lib\\site-packages\\~ransformers\\models\\clip\\tokenization_clip.py', reloading
[2025-03-29 17:17:01,671] werkzeug - INFO -  * Detected change in 'C:\\Users\\suraj\\Miniconda3\\envs\\audio\\Lib\\site-packages\\~ransformers\\models\\clip\\tokenization_clip.py', reloading
[2025-03-29 17:17:01,672] werkzeug - INFO -  * Detected change in 'C:\\Users\\suraj\\Miniconda3\\envs\\audio\\Lib\\site-packages\\~ransformers\\models\\clip\\tokenization_clip.py', reloading
[2025-03-29 17:17:01,673] werkzeug - INFO -  * Detected change in 'C:\\Users\\suraj\\Miniconda3\\envs\\audio\\Lib\\site-packages\\~ransformers\\models\\clip\\tokenization_clip_fast.py', reloading
[2025-03-29 17:17:01,675] werkzeug - INFO -  * Detected change in 'C:\\Users\\suraj\\Miniconda3\\envs\\audio\\Lib\\site-packages\\~ransformers\\models\\clip\\tokenization_clip_fast.py', reloading
[2025-03-29 17:17:01,675] werkzeug - INFO -  * Detected change in 'C:\\Users\\suraj\\Miniconda3\\envs\\audio\\Lib\\site-packages\\~ransformers\\models\\clip\\tokenization_clip_fast.py', reloading
[2025-03-29 17:17:01,676] werkzeug - INFO -  * Detected change in 'C:\\Users\\suraj\\Miniconda3\\envs\\audio\\Lib\\site-packages\\~ransformers\\models\\clip\\__init__.py', reloading
[2025-03-29 17:17:01,677] werkzeug - INFO -  * Detected change in 'C:\\Users\\suraj\\Miniconda3\\envs\\audio\\Lib\\site-packages\\transformers\\models\\clip\\__init__.py', reloading
[2025-03-29 17:17:01,681] werkzeug - INFO -  * Detected change in 'C:\\Users\\suraj\\Miniconda3\\envs\\audio\\Lib\\site-packages\\~ransformers\\models\\clip\\__init__.py', reloading
[2025-03-29 17:17:01,682] werkzeug - INFO -  * Detected change in 'C:\\Users\\suraj\\Miniconda3\\envs\\audio\\Lib\\site-packages\\~ransformers\\models\\clip\\__init__.py', reloading
[2025-03-29 17:17:01,703] werkzeug - INFO -  * Detected change in 'C:\\Users\\suraj\\Miniconda3\\envs\\audio\\Lib\\site-packages\\~ransformers\\models\\clipseg\\configuration_clipseg.py', reloading
[2025-03-29 17:17:01,706] werkzeug - INFO -  * Detected change in 'C:\\Users\\suraj\\Miniconda3\\envs\\audio\\Lib\\site-packages\\~ransformers\\models\\clipseg\\configuration_clipseg.py', reloading
[2025-03-29 17:17:01,706] werkzeug - INFO -  * Detected change in 'C:\\Users\\suraj\\Miniconda3\\envs\\audio\\Lib\\site-packages\\~ransformers\\models\\clipseg\\configuration_clipseg.py', reloading
[2025-03-29 17:17:01,707] werkzeug - INFO -  * Detected change in 'C:\\Users\\suraj\\Miniconda3\\envs\\audio\\Lib\\site-packages\\~ransformers\\models\\clipseg\\modeling_clipseg.py', reloading
[2025-03-29 17:17:01,709] werkzeug - INFO -  * Detected change in 'C:\\Users\\suraj\\Miniconda3\\envs\\audio\\Lib\\site-packages\\~ransformers\\models\\clipseg\\modeling_clipseg.py', reloading
[2025-03-29 17:17:01,710] werkzeug - INFO -  * Detected change in 'C:\\Users\\suraj\\Miniconda3\\envs\\audio\\Lib\\site-packages\\~ransformers\\models\\clipseg\\modeling_clipseg.py', reloading
[2025-03-29 17:17:01,711] werkzeug - INFO -  * Detected change in 'C:\\Users\\suraj\\Miniconda3\\envs\\audio\\Lib\\site-packages\\~ransformers\\models\\clipseg\\processing_clipseg.py', reloading
[2025-03-29 17:17:01,714] werkzeug - INFO -  * Detected change in 'C:\\Users\\suraj\\Miniconda3\\envs\\audio\\Lib\\site-packages\\~ransformers\\models\\clipseg\\processing_clipseg.py', reloading
[2025-03-29 17:17:01,714] werkzeug - INFO -  * Detected change in 'C:\\Users\\suraj\\Miniconda3\\envs\\audio\\Lib\\site-packages\\~ransformers\\models\\clipseg\\processing_clipseg.py', reloading
[2025-03-29 17:17:01,715] werkzeug - INFO -  * Detected change in 'C:\\Users\\suraj\\Miniconda3\\envs\\audio\\Lib\\site-packages\\~ransformers\\models\\clipseg\\__init__.py', reloading
[2025-03-29 17:17:01,716] werkzeug - INFO -  * Detected change in 'C:\\Users\\suraj\\Miniconda3\\envs\\audio\\Lib\\site-packages\\transformers\\models\\clipseg\\__init__.py', reloading
[2025-03-29 17:17:01,720] werkzeug - INFO -  * Detected change in 'C:\\Users\\suraj\\Miniconda3\\envs\\audio\\Lib\\site-packages\\~ransformers\\models\\clipseg\\__init__.py', reloading
[2025-03-29 17:17:01,720] werkzeug - INFO -  * Detected change in 'C:\\Users\\suraj\\Miniconda3\\envs\\audio\\Lib\\site-packages\\~ransformers\\models\\clipseg\\__init__.py', reloading
[2025-03-29 17:17:01,730] werkzeug - INFO -  * Detected change in 'C:\\Users\\suraj\\Miniconda3\\envs\\audio\\Lib\\site-packages\\~ransformers\\models\\clvp\\configuration_clvp.py', reloading
[2025-03-29 17:17:01,732] werkzeug - INFO -  * Detected change in 'C:\\Users\\suraj\\Miniconda3\\envs\\audio\\Lib\\site-packages\\~ransformers\\models\\clvp\\configuration_clvp.py', reloading
[2025-03-29 17:17:01,733] werkzeug - INFO -  * Detected change in 'C:\\Users\\suraj\\Miniconda3\\envs\\audio\\Lib\\site-packages\\~ransformers\\models\\clvp\\configuration_clvp.py', reloading
[2025-03-29 17:17:01,734] werkzeug - INFO -  * Detected change in 'C:\\Users\\suraj\\Miniconda3\\envs\\audio\\Lib\\site-packages\\~ransformers\\models\\clvp\\feature_extraction_clvp.py', reloading
[2025-03-29 17:17:01,736] werkzeug - INFO -  * Detected change in 'C:\\Users\\suraj\\Miniconda3\\envs\\audio\\Lib\\site-packages\\~ransformers\\models\\clvp\\feature_extraction_clvp.py', reloading
[2025-03-29 17:17:01,736] werkzeug - INFO -  * Detected change in 'C:\\Users\\suraj\\Miniconda3\\envs\\audio\\Lib\\site-packages\\~ransformers\\models\\clvp\\feature_extraction_clvp.py', reloading
[2025-03-29 17:17:01,737] werkzeug - INFO -  * Detected change in 'C:\\Users\\suraj\\Miniconda3\\envs\\audio\\Lib\\site-packages\\~ransformers\\models\\clvp\\modeling_clvp.py', reloading
[2025-03-29 17:17:01,739] werkzeug - INFO -  * Detected change in 'C:\\Users\\suraj\\Miniconda3\\envs\\audio\\Lib\\site-packages\\~ransformers\\models\\clvp\\modeling_clvp.py', reloading
[2025-03-29 17:17:01,740] werkzeug - INFO -  * Detected change in 'C:\\Users\\suraj\\Miniconda3\\envs\\audio\\Lib\\site-packages\\~ransformers\\models\\clvp\\modeling_clvp.py', reloading
[2025-03-29 17:17:01,741] werkzeug - INFO -  * Detected change in 'C:\\Users\\suraj\\Miniconda3\\envs\\audio\\Lib\\site-packages\\~ransformers\\models\\clvp\\number_normalizer.py', reloading
[2025-03-29 17:17:01,743] werkzeug - INFO -  * Detected change in 'C:\\Users\\suraj\\Miniconda3\\envs\\audio\\Lib\\site-packages\\~ransformers\\models\\clvp\\number_normalizer.py', reloading
[2025-03-29 17:17:01,744] werkzeug - INFO -  * Detected change in 'C:\\Users\\suraj\\Miniconda3\\envs\\audio\\Lib\\site-packages\\~ransformers\\models\\clvp\\number_normalizer.py', reloading
[2025-03-29 17:17:01,745] werkzeug - INFO -  * Detected change in 'C:\\Users\\suraj\\Miniconda3\\envs\\audio\\Lib\\site-packages\\~ransformers\\models\\clvp\\processing_clvp.py', reloading
[2025-03-29 17:17:01,747] werkzeug - INFO -  * Detected change in 'C:\\Users\\suraj\\Miniconda3\\envs\\audio\\Lib\\site-packages\\~ransformers\\models\\clvp\\processing_clvp.py', reloading
[2025-03-29 17:17:01,748] werkzeug - INFO -  * Detected change in 'C:\\Users\\suraj\\Miniconda3\\envs\\audio\\Lib\\site-packages\\~ransformers\\models\\clvp\\processing_clvp.py', reloading
[2025-03-29 17:17:01,749] werkzeug - INFO -  * Detected change in 'C:\\Users\\suraj\\Miniconda3\\envs\\audio\\Lib\\site-packages\\~ransformers\\models\\clvp\\tokenization_clvp.py', reloading
[2025-03-29 17:17:01,751] werkzeug - INFO -  * Detected change in 'C:\\Users\\suraj\\Miniconda3\\envs\\audio\\Lib\\site-packages\\~ransformers\\models\\clvp\\tokenization_clvp.py', reloading
[2025-03-29 17:17:01,751] werkzeug - INFO -  * Detected change in 'C:\\Users\\suraj\\Miniconda3\\envs\\audio\\Lib\\site-packages\\~ransformers\\models\\clvp\\tokenization_clvp.py', reloading
[2025-03-29 17:17:01,752] werkzeug - INFO -  * Detected change in 'C:\\Users\\suraj\\Miniconda3\\envs\\audio\\Lib\\site-packages\\~ransformers\\models\\clvp\\__init__.py', reloading
[2025-03-29 17:17:01,753] werkzeug - INFO -  * Detected change in 'C:\\Users\\suraj\\Miniconda3\\envs\\audio\\Lib\\site-packages\\transformers\\models\\clvp\\__init__.py', reloading
[2025-03-29 17:17:01,758] werkzeug - INFO -  * Detected change in 'C:\\Users\\suraj\\Miniconda3\\envs\\audio\\Lib\\site-packages\\~ransformers\\models\\clvp\\__init__.py', reloading
[2025-03-29 17:17:01,758] werkzeug - INFO -  * Detected change in 'C:\\Users\\suraj\\Miniconda3\\envs\\audio\\Lib\\site-packages\\~ransformers\\models\\clvp\\__init__.py', reloading
[2025-03-29 17:17:01,774] werkzeug - INFO -  * Detected change in 'C:\\Users\\suraj\\Miniconda3\\envs\\audio\\Lib\\site-packages\\~ransformers\\models\\codegen\\configuration_codegen.py', reloading
[2025-03-29 17:17:01,776] werkzeug - INFO -  * Detected change in 'C:\\Users\\suraj\\Miniconda3\\envs\\audio\\Lib\\site-packages\\~ransformers\\models\\codegen\\configuration_codegen.py', reloading
[2025-03-29 17:17:01,777] werkzeug - INFO -  * Detected change in 'C:\\Users\\suraj\\Miniconda3\\envs\\audio\\Lib\\site-packages\\~ransformers\\models\\codegen\\configuration_codegen.py', reloading
[2025-03-29 17:17:01,778] werkzeug - INFO -  * Detected change in 'C:\\Users\\suraj\\Miniconda3\\envs\\audio\\Lib\\site-packages\\~ransformers\\models\\codegen\\modeling_codegen.py', reloading
[2025-03-29 17:17:01,779] werkzeug - INFO -  * Detected change in 'C:\\Users\\suraj\\Miniconda3\\envs\\audio\\Lib\\site-packages\\~ransformers\\models\\codegen\\modeling_codegen.py', reloading
[2025-03-29 17:17:01,780] werkzeug - INFO -  * Detected change in 'C:\\Users\\suraj\\Miniconda3\\envs\\audio\\Lib\\site-packages\\~ransformers\\models\\codegen\\modeling_codegen.py', reloading
[2025-03-29 17:17:01,781] werkzeug - INFO -  * Detected change in 'C:\\Users\\suraj\\Miniconda3\\envs\\audio\\Lib\\site-packages\\~ransformers\\models\\codegen\\tokenization_codegen.py', reloading
[2025-03-29 17:17:01,783] werkzeug - INFO -  * Detected change in 'C:\\Users\\suraj\\Miniconda3\\envs\\audio\\Lib\\site-packages\\~ransformers\\models\\codegen\\tokenization_codegen.py', reloading
[2025-03-29 17:17:01,784] werkzeug - INFO -  * Detected change in 'C:\\Users\\suraj\\Miniconda3\\envs\\audio\\Lib\\site-packages\\~ransformers\\models\\codegen\\tokenization_codegen.py', reloading
[2025-03-29 17:17:01,784] werkzeug - INFO -  * Detected change in 'C:\\Users\\suraj\\Miniconda3\\envs\\audio\\Lib\\site-packages\\~ransformers\\models\\codegen\\tokenization_codegen_fast.py', reloading
[2025-03-29 17:17:01,786] werkzeug - INFO -  * Detected change in 'C:\\Users\\suraj\\Miniconda3\\envs\\audio\\Lib\\site-packages\\~ransformers\\models\\codegen\\tokenization_codegen_fast.py', reloading
[2025-03-29 17:17:01,787] werkzeug - INFO -  * Detected change in 'C:\\Users\\suraj\\Miniconda3\\envs\\audio\\Lib\\site-packages\\~ransformers\\models\\codegen\\tokenization_codegen_fast.py', reloading
[2025-03-29 17:17:01,788] werkzeug - INFO -  * Detected change in 'C:\\Users\\suraj\\Miniconda3\\envs\\audio\\Lib\\site-packages\\~ransformers\\models\\codegen\\__init__.py', reloading
[2025-03-29 17:17:01,789] werkzeug - INFO -  * Detected change in 'C:\\Users\\suraj\\Miniconda3\\envs\\audio\\Lib\\site-packages\\transformers\\models\\codegen\\__init__.py', reloading
[2025-03-29 17:17:01,793] werkzeug - INFO -  * Detected change in 'C:\\Users\\suraj\\Miniconda3\\envs\\audio\\Lib\\site-packages\\~ransformers\\models\\codegen\\__init__.py', reloading
[2025-03-29 17:17:01,794] werkzeug - INFO -  * Detected change in 'C:\\Users\\suraj\\Miniconda3\\envs\\audio\\Lib\\site-packages\\~ransformers\\models\\codegen\\__init__.py', reloading
[2025-03-29 17:17:01,806] werkzeug - INFO -  * Detected change in 'C:\\Users\\suraj\\Miniconda3\\envs\\audio\\Lib\\site-packages\\~ransformers\\models\\code_llama\\tokenization_code_llama.py', reloading
[2025-03-29 17:17:01,808] werkzeug - INFO -  * Detected change in 'C:\\Users\\suraj\\Miniconda3\\envs\\audio\\Lib\\site-packages\\~ransformers\\models\\code_llama\\tokenization_code_llama.py', reloading
[2025-03-29 17:17:01,809] werkzeug - INFO -  * Detected change in 'C:\\Users\\suraj\\Miniconda3\\envs\\audio\\Lib\\site-packages\\~ransformers\\models\\code_llama\\tokenization_code_llama.py', reloading
[2025-03-29 17:17:01,810] werkzeug - INFO -  * Detected change in 'C:\\Users\\suraj\\Miniconda3\\envs\\audio\\Lib\\site-packages\\~ransformers\\models\\code_llama\\tokenization_code_llama_fast.py', reloading
[2025-03-29 17:17:01,812] werkzeug - INFO -  * Detected change in 'C:\\Users\\suraj\\Miniconda3\\envs\\audio\\Lib\\site-packages\\~ransformers\\models\\code_llama\\tokenization_code_llama_fast.py', reloading
[2025-03-29 17:17:01,812] werkzeug - INFO -  * Detected change in 'C:\\Users\\suraj\\Miniconda3\\envs\\audio\\Lib\\site-packages\\~ransformers\\models\\code_llama\\tokenization_code_llama_fast.py', reloading
[2025-03-29 17:17:01,813] werkzeug - INFO -  * Detected change in 'C:\\Users\\suraj\\Miniconda3\\envs\\audio\\Lib\\site-packages\\~ransformers\\models\\code_llama\\__init__.py', reloading
[2025-03-29 17:17:01,814] werkzeug - INFO -  * Detected change in 'C:\\Users\\suraj\\Miniconda3\\envs\\audio\\Lib\\site-packages\\transformers\\models\\code_llama\\__init__.py', reloading
[2025-03-29 17:17:01,818] werkzeug - INFO -  * Detected change in 'C:\\Users\\suraj\\Miniconda3\\envs\\audio\\Lib\\site-packages\\~ransformers\\models\\code_llama\\__init__.py', reloading
[2025-03-29 17:17:01,819] werkzeug - INFO -  * Detected change in 'C:\\Users\\suraj\\Miniconda3\\envs\\audio\\Lib\\site-packages\\~ransformers\\models\\code_llama\\__init__.py', reloading
[2025-03-29 17:17:01,827] werkzeug - INFO -  * Detected change in 'C:\\Users\\suraj\\Miniconda3\\envs\\audio\\Lib\\site-packages\\~ransformers\\models\\cohere\\configuration_cohere.py', reloading
[2025-03-29 17:17:01,829] werkzeug - INFO -  * Detected change in 'C:\\Users\\suraj\\Miniconda3\\envs\\audio\\Lib\\site-packages\\~ransformers\\models\\cohere\\configuration_cohere.py', reloading
[2025-03-29 17:17:01,830] werkzeug - INFO -  * Detected change in 'C:\\Users\\suraj\\Miniconda3\\envs\\audio\\Lib\\site-packages\\~ransformers\\models\\cohere\\configuration_cohere.py', reloading
[2025-03-29 17:17:01,831] werkzeug - INFO -  * Detected change in 'C:\\Users\\suraj\\Miniconda3\\envs\\audio\\Lib\\site-packages\\~ransformers\\models\\cohere\\modeling_cohere.py', reloading
[2025-03-29 17:17:01,833] werkzeug - INFO -  * Detected change in 'C:\\Users\\suraj\\Miniconda3\\envs\\audio\\Lib\\site-packages\\~ransformers\\models\\cohere\\modeling_cohere.py', reloading
[2025-03-29 17:17:01,833] werkzeug - INFO -  * Detected change in 'C:\\Users\\suraj\\Miniconda3\\envs\\audio\\Lib\\site-packages\\~ransformers\\models\\cohere\\modeling_cohere.py', reloading
[2025-03-29 17:17:01,834] werkzeug - INFO -  * Detected change in 'C:\\Users\\suraj\\Miniconda3\\envs\\audio\\Lib\\site-packages\\~ransformers\\models\\cohere\\modular_cohere.py', reloading
[2025-03-29 17:17:01,835] werkzeug - INFO -  * Detected change in 'C:\\Users\\suraj\\Miniconda3\\envs\\audio\\Lib\\site-packages\\transformers\\models\\cohere\\modular_cohere.py', reloading
[2025-03-29 17:17:01,839] werkzeug - INFO -  * Detected change in 'C:\\Users\\suraj\\Miniconda3\\envs\\audio\\Lib\\site-packages\\~ransformers\\models\\cohere\\modular_cohere.py', reloading
[2025-03-29 17:17:01,840] werkzeug - INFO -  * Detected change in 'C:\\Users\\suraj\\Miniconda3\\envs\\audio\\Lib\\site-packages\\~ransformers\\models\\cohere\\modular_cohere.py', reloading
[2025-03-29 17:17:01,841] werkzeug - INFO -  * Detected change in 'C:\\Users\\suraj\\Miniconda3\\envs\\audio\\Lib\\site-packages\\~ransformers\\models\\cohere\\tokenization_cohere_fast.py', reloading
[2025-03-29 17:17:01,843] werkzeug - INFO -  * Detected change in 'C:\\Users\\suraj\\Miniconda3\\envs\\audio\\Lib\\site-packages\\~ransformers\\models\\cohere\\tokenization_cohere_fast.py', reloading
[2025-03-29 17:17:01,843] werkzeug - INFO -  * Detected change in 'C:\\Users\\suraj\\Miniconda3\\envs\\audio\\Lib\\site-packages\\~ransformers\\models\\cohere\\tokenization_cohere_fast.py', reloading
[2025-03-29 17:17:01,844] werkzeug - INFO -  * Detected change in 'C:\\Users\\suraj\\Miniconda3\\envs\\audio\\Lib\\site-packages\\~ransformers\\models\\cohere\\__init__.py', reloading
[2025-03-29 17:17:01,845] werkzeug - INFO -  * Detected change in 'C:\\Users\\suraj\\Miniconda3\\envs\\audio\\Lib\\site-packages\\transformers\\models\\cohere\\__init__.py', reloading
[2025-03-29 17:17:01,849] werkzeug - INFO -  * Detected change in 'C:\\Users\\suraj\\Miniconda3\\envs\\audio\\Lib\\site-packages\\~ransformers\\models\\cohere\\__init__.py', reloading
[2025-03-29 17:17:01,849] werkzeug - INFO -  * Detected change in 'C:\\Users\\suraj\\Miniconda3\\envs\\audio\\Lib\\site-packages\\~ransformers\\models\\cohere\\__init__.py', reloading
[2025-03-29 17:17:01,862] werkzeug - INFO -  * Detected change in 'C:\\Users\\suraj\\Miniconda3\\envs\\audio\\Lib\\site-packages\\~ransformers\\models\\cohere2\\configuration_cohere2.py', reloading
[2025-03-29 17:17:01,865] werkzeug - INFO -  * Detected change in 'C:\\Users\\suraj\\Miniconda3\\envs\\audio\\Lib\\site-packages\\~ransformers\\models\\cohere2\\configuration_cohere2.py', reloading
[2025-03-29 17:17:01,866] werkzeug - INFO -  * Detected change in 'C:\\Users\\suraj\\Miniconda3\\envs\\audio\\Lib\\site-packages\\~ransformers\\models\\cohere2\\configuration_cohere2.py', reloading
[2025-03-29 17:17:01,867] werkzeug - INFO -  * Detected change in 'C:\\Users\\suraj\\Miniconda3\\envs\\audio\\Lib\\site-packages\\~ransformers\\models\\cohere2\\modeling_cohere2.py', reloading
[2025-03-29 17:17:01,868] werkzeug - INFO -  * Detected change in 'C:\\Users\\suraj\\Miniconda3\\envs\\audio\\Lib\\site-packages\\~ransformers\\models\\cohere2\\modeling_cohere2.py', reloading
[2025-03-29 17:17:01,869] werkzeug - INFO -  * Detected change in 'C:\\Users\\suraj\\Miniconda3\\envs\\audio\\Lib\\site-packages\\~ransformers\\models\\cohere2\\modeling_cohere2.py', reloading
[2025-03-29 17:17:01,870] werkzeug - INFO -  * Detected change in 'C:\\Users\\suraj\\Miniconda3\\envs\\audio\\Lib\\site-packages\\~ransformers\\models\\cohere2\\modular_cohere2.py', reloading
[2025-03-29 17:17:01,871] werkzeug - INFO -  * Detected change in 'C:\\Users\\suraj\\Miniconda3\\envs\\audio\\Lib\\site-packages\\transformers\\models\\cohere2\\modular_cohere2.py', reloading
[2025-03-29 17:17:01,875] werkzeug - INFO -  * Detected change in 'C:\\Users\\suraj\\Miniconda3\\envs\\audio\\Lib\\site-packages\\~ransformers\\models\\cohere2\\modular_cohere2.py', reloading
[2025-03-29 17:17:01,876] werkzeug - INFO -  * Detected change in 'C:\\Users\\suraj\\Miniconda3\\envs\\audio\\Lib\\site-packages\\~ransformers\\models\\cohere2\\modular_cohere2.py', reloading
[2025-03-29 17:17:01,877] werkzeug - INFO -  * Detected change in 'C:\\Users\\suraj\\Miniconda3\\envs\\audio\\Lib\\site-packages\\~ransformers\\models\\cohere2\\__init__.py', reloading
[2025-03-29 17:17:01,877] werkzeug - INFO -  * Detected change in 'C:\\Users\\suraj\\Miniconda3\\envs\\audio\\Lib\\site-packages\\transformers\\models\\cohere2\\__init__.py', reloading
[2025-03-29 17:17:01,881] werkzeug - INFO -  * Detected change in 'C:\\Users\\suraj\\Miniconda3\\envs\\audio\\Lib\\site-packages\\~ransformers\\models\\cohere2\\__init__.py', reloading
[2025-03-29 17:17:01,882] werkzeug - INFO -  * Detected change in 'C:\\Users\\suraj\\Miniconda3\\envs\\audio\\Lib\\site-packages\\~ransformers\\models\\cohere2\\__init__.py', reloading
[2025-03-29 17:17:01,893] werkzeug - INFO -  * Detected change in 'C:\\Users\\suraj\\Miniconda3\\envs\\audio\\Lib\\site-packages\\~ransformers\\models\\colpali\\configuration_colpali.py', reloading
[2025-03-29 17:17:01,896] werkzeug - INFO -  * Detected change in 'C:\\Users\\suraj\\Miniconda3\\envs\\audio\\Lib\\site-packages\\~ransformers\\models\\colpali\\configuration_colpali.py', reloading
[2025-03-29 17:17:01,897] werkzeug - INFO -  * Detected change in 'C:\\Users\\suraj\\Miniconda3\\envs\\audio\\Lib\\site-packages\\~ransformers\\models\\colpali\\configuration_colpali.py', reloading
[2025-03-29 17:17:01,898] werkzeug - INFO -  * Detected change in 'C:\\Users\\suraj\\Miniconda3\\envs\\audio\\Lib\\site-packages\\~ransformers\\models\\colpali\\modeling_colpali.py', reloading
[2025-03-29 17:17:01,900] werkzeug - INFO -  * Detected change in 'C:\\Users\\suraj\\Miniconda3\\envs\\audio\\Lib\\site-packages\\~ransformers\\models\\colpali\\modeling_colpali.py', reloading
[2025-03-29 17:17:01,900] werkzeug - INFO -  * Detected change in 'C:\\Users\\suraj\\Miniconda3\\envs\\audio\\Lib\\site-packages\\~ransformers\\models\\colpali\\modeling_colpali.py', reloading
[2025-03-29 17:17:01,902] werkzeug - INFO -  * Detected change in 'C:\\Users\\suraj\\Miniconda3\\envs\\audio\\Lib\\site-packages\\~ransformers\\models\\colpali\\modular_colpali.py', reloading
[2025-03-29 17:17:01,903] werkzeug - INFO -  * Detected change in 'C:\\Users\\suraj\\Miniconda3\\envs\\audio\\Lib\\site-packages\\transformers\\models\\colpali\\modular_colpali.py', reloading
[2025-03-29 17:17:01,906] werkzeug - INFO -  * Detected change in 'C:\\Users\\suraj\\Miniconda3\\envs\\audio\\Lib\\site-packages\\~ransformers\\models\\colpali\\modular_colpali.py', reloading
[2025-03-29 17:17:01,907] werkzeug - INFO -  * Detected change in 'C:\\Users\\suraj\\Miniconda3\\envs\\audio\\Lib\\site-packages\\~ransformers\\models\\colpali\\modular_colpali.py', reloading
[2025-03-29 17:17:01,908] werkzeug - INFO -  * Detected change in 'C:\\Users\\suraj\\Miniconda3\\envs\\audio\\Lib\\site-packages\\~ransformers\\models\\colpali\\processing_colpali.py', reloading
[2025-03-29 17:17:01,910] werkzeug - INFO -  * Detected change in 'C:\\Users\\suraj\\Miniconda3\\envs\\audio\\Lib\\site-packages\\~ransformers\\models\\colpali\\processing_colpali.py', reloading
[2025-03-29 17:17:01,911] werkzeug - INFO -  * Detected change in 'C:\\Users\\suraj\\Miniconda3\\envs\\audio\\Lib\\site-packages\\~ransformers\\models\\colpali\\processing_colpali.py', reloading
[2025-03-29 17:17:01,912] werkzeug - INFO -  * Detected change in 'C:\\Users\\suraj\\Miniconda3\\envs\\audio\\Lib\\site-packages\\~ransformers\\models\\colpali\\__init__.py', reloading
[2025-03-29 17:17:01,912] werkzeug - INFO -  * Detected change in 'C:\\Users\\suraj\\Miniconda3\\envs\\audio\\Lib\\site-packages\\transformers\\models\\colpali\\__init__.py', reloading
[2025-03-29 17:17:01,916] werkzeug - INFO -  * Detected change in 'C:\\Users\\suraj\\Miniconda3\\envs\\audio\\Lib\\site-packages\\~ransformers\\models\\colpali\\__init__.py', reloading
[2025-03-29 17:17:01,917] werkzeug - INFO -  * Detected change in 'C:\\Users\\suraj\\Miniconda3\\envs\\audio\\Lib\\site-packages\\~ransformers\\models\\colpali\\__init__.py', reloading
[2025-03-29 17:17:01,928] werkzeug - INFO -  * Detected change in 'C:\\Users\\suraj\\Miniconda3\\envs\\audio\\Lib\\site-packages\\~ransformers\\models\\conditional_detr\\configuration_conditional_detr.py', reloading
[2025-03-29 17:17:01,930] werkzeug - INFO -  * Detected change in 'C:\\Users\\suraj\\Miniconda3\\envs\\audio\\Lib\\site-packages\\~ransformers\\models\\conditional_detr\\configuration_conditional_detr.py', reloading
[2025-03-29 17:17:01,931] werkzeug - INFO -  * Detected change in 'C:\\Users\\suraj\\Miniconda3\\envs\\audio\\Lib\\site-packages\\~ransformers\\models\\conditional_detr\\configuration_conditional_detr.py', reloading
[2025-03-29 17:17:01,932] werkzeug - INFO -  * Detected change in 'C:\\Users\\suraj\\Miniconda3\\envs\\audio\\Lib\\site-packages\\~ransformers\\models\\conditional_detr\\feature_extraction_conditional_detr.py', reloading
[2025-03-29 17:17:01,933] werkzeug - INFO -  * Detected change in 'C:\\Users\\suraj\\Miniconda3\\envs\\audio\\Lib\\site-packages\\~ransformers\\models\\conditional_detr\\feature_extraction_conditional_detr.py', reloading
[2025-03-29 17:17:01,934] werkzeug - INFO -  * Detected change in 'C:\\Users\\suraj\\Miniconda3\\envs\\audio\\Lib\\site-packages\\~ransformers\\models\\conditional_detr\\feature_extraction_conditional_detr.py', reloading
[2025-03-29 17:17:01,935] werkzeug - INFO -  * Detected change in 'C:\\Users\\suraj\\Miniconda3\\envs\\audio\\Lib\\site-packages\\~ransformers\\models\\conditional_detr\\image_processing_conditional_detr.py', reloading
[2025-03-29 17:17:01,937] werkzeug - INFO -  * Detected change in 'C:\\Users\\suraj\\Miniconda3\\envs\\audio\\Lib\\site-packages\\~ransformers\\models\\conditional_detr\\image_processing_conditional_detr.py', reloading
[2025-03-29 17:17:01,938] werkzeug - INFO -  * Detected change in 'C:\\Users\\suraj\\Miniconda3\\envs\\audio\\Lib\\site-packages\\~ransformers\\models\\conditional_detr\\image_processing_conditional_detr.py', reloading
[2025-03-29 17:17:01,939] werkzeug - INFO -  * Detected change in 'C:\\Users\\suraj\\Miniconda3\\envs\\audio\\Lib\\site-packages\\~ransformers\\models\\conditional_detr\\modeling_conditional_detr.py', reloading
[2025-03-29 17:17:01,941] werkzeug - INFO -  * Detected change in 'C:\\Users\\suraj\\Miniconda3\\envs\\audio\\Lib\\site-packages\\~ransformers\\models\\conditional_detr\\modeling_conditional_detr.py', reloading
[2025-03-29 17:17:01,941] werkzeug - INFO -  * Detected change in 'C:\\Users\\suraj\\Miniconda3\\envs\\audio\\Lib\\site-packages\\~ransformers\\models\\conditional_detr\\modeling_conditional_detr.py', reloading
[2025-03-29 17:17:01,942] werkzeug - INFO -  * Detected change in 'C:\\Users\\suraj\\Miniconda3\\envs\\audio\\Lib\\site-packages\\~ransformers\\models\\conditional_detr\\__init__.py', reloading
[2025-03-29 17:17:01,943] werkzeug - INFO -  * Detected change in 'C:\\Users\\suraj\\Miniconda3\\envs\\audio\\Lib\\site-packages\\transformers\\models\\conditional_detr\\__init__.py', reloading
[2025-03-29 17:17:01,947] werkzeug - INFO -  * Detected change in 'C:\\Users\\suraj\\Miniconda3\\envs\\audio\\Lib\\site-packages\\~ransformers\\models\\conditional_detr\\__init__.py', reloading
[2025-03-29 17:17:01,948] werkzeug - INFO -  * Detected change in 'C:\\Users\\suraj\\Miniconda3\\envs\\audio\\Lib\\site-packages\\~ransformers\\models\\conditional_detr\\__init__.py', reloading
[2025-03-29 17:17:01,959] werkzeug - INFO -  * Detected change in 'C:\\Users\\suraj\\Miniconda3\\envs\\audio\\Lib\\site-packages\\~ransformers\\models\\convbert\\configuration_convbert.py', reloading
[2025-03-29 17:17:01,962] werkzeug - INFO -  * Detected change in 'C:\\Users\\suraj\\Miniconda3\\envs\\audio\\Lib\\site-packages\\~ransformers\\models\\convbert\\configuration_convbert.py', reloading
[2025-03-29 17:17:01,963] werkzeug - INFO -  * Detected change in 'C:\\Users\\suraj\\Miniconda3\\envs\\audio\\Lib\\site-packages\\~ransformers\\models\\convbert\\configuration_convbert.py', reloading
[2025-03-29 17:17:01,964] werkzeug - INFO -  * Detected change in 'C:\\Users\\suraj\\Miniconda3\\envs\\audio\\Lib\\site-packages\\~ransformers\\models\\convbert\\modeling_convbert.py', reloading
[2025-03-29 17:17:01,965] werkzeug - INFO -  * Detected change in 'C:\\Users\\suraj\\Miniconda3\\envs\\audio\\Lib\\site-packages\\~ransformers\\models\\convbert\\modeling_convbert.py', reloading
[2025-03-29 17:17:01,966] werkzeug - INFO -  * Detected change in 'C:\\Users\\suraj\\Miniconda3\\envs\\audio\\Lib\\site-packages\\~ransformers\\models\\convbert\\modeling_convbert.py', reloading
[2025-03-29 17:17:01,967] werkzeug - INFO -  * Detected change in 'C:\\Users\\suraj\\Miniconda3\\envs\\audio\\Lib\\site-packages\\~ransformers\\models\\convbert\\modeling_tf_convbert.py', reloading
[2025-03-29 17:17:01,969] werkzeug - INFO -  * Detected change in 'C:\\Users\\suraj\\Miniconda3\\envs\\audio\\Lib\\site-packages\\~ransformers\\models\\convbert\\modeling_tf_convbert.py', reloading
[2025-03-29 17:17:01,970] werkzeug - INFO -  * Detected change in 'C:\\Users\\suraj\\Miniconda3\\envs\\audio\\Lib\\site-packages\\~ransformers\\models\\convbert\\modeling_tf_convbert.py', reloading
[2025-03-29 17:17:01,971] werkzeug - INFO -  * Detected change in 'C:\\Users\\suraj\\Miniconda3\\envs\\audio\\Lib\\site-packages\\~ransformers\\models\\convbert\\tokenization_convbert.py', reloading
[2025-03-29 17:17:01,973] werkzeug - INFO -  * Detected change in 'C:\\Users\\suraj\\Miniconda3\\envs\\audio\\Lib\\site-packages\\~ransformers\\models\\convbert\\tokenization_convbert.py', reloading
[2025-03-29 17:17:01,973] werkzeug - INFO -  * Detected change in 'C:\\Users\\suraj\\Miniconda3\\envs\\audio\\Lib\\site-packages\\~ransformers\\models\\convbert\\tokenization_convbert.py', reloading
[2025-03-29 17:17:01,974] werkzeug - INFO -  * Detected change in 'C:\\Users\\suraj\\Miniconda3\\envs\\audio\\Lib\\site-packages\\~ransformers\\models\\convbert\\tokenization_convbert_fast.py', reloading
[2025-03-29 17:17:01,977] werkzeug - INFO -  * Detected change in 'C:\\Users\\suraj\\Miniconda3\\envs\\audio\\Lib\\site-packages\\~ransformers\\models\\convbert\\tokenization_convbert_fast.py', reloading
[2025-03-29 17:17:01,977] werkzeug - INFO -  * Detected change in 'C:\\Users\\suraj\\Miniconda3\\envs\\audio\\Lib\\site-packages\\~ransformers\\models\\convbert\\tokenization_convbert_fast.py', reloading
[2025-03-29 17:17:01,978] werkzeug - INFO -  * Detected change in 'C:\\Users\\suraj\\Miniconda3\\envs\\audio\\Lib\\site-packages\\~ransformers\\models\\convbert\\__init__.py', reloading
[2025-03-29 17:17:01,979] werkzeug - INFO -  * Detected change in 'C:\\Users\\suraj\\Miniconda3\\envs\\audio\\Lib\\site-packages\\transformers\\models\\convbert\\__init__.py', reloading
[2025-03-29 17:17:01,983] werkzeug - INFO -  * Detected change in 'C:\\Users\\suraj\\Miniconda3\\envs\\audio\\Lib\\site-packages\\~ransformers\\models\\convbert\\__init__.py', reloading
[2025-03-29 17:17:01,984] werkzeug - INFO -  * Detected change in 'C:\\Users\\suraj\\Miniconda3\\envs\\audio\\Lib\\site-packages\\~ransformers\\models\\convbert\\__init__.py', reloading
[2025-03-29 17:17:01,999] werkzeug - INFO -  * Detected change in 'C:\\Users\\suraj\\Miniconda3\\envs\\audio\\Lib\\site-packages\\~ransformers\\models\\convnext\\configuration_convnext.py', reloading
[2025-03-29 17:17:02,001] werkzeug - INFO -  * Detected change in 'C:\\Users\\suraj\\Miniconda3\\envs\\audio\\Lib\\site-packages\\~ransformers\\models\\convnext\\configuration_convnext.py', reloading
[2025-03-29 17:17:02,002] werkzeug - INFO -  * Detected change in 'C:\\Users\\suraj\\Miniconda3\\envs\\audio\\Lib\\site-packages\\~ransformers\\models\\convnext\\configuration_convnext.py', reloading
[2025-03-29 17:17:02,003] werkzeug - INFO -  * Detected change in 'C:\\Users\\suraj\\Miniconda3\\envs\\audio\\Lib\\site-packages\\~ransformers\\models\\convnext\\feature_extraction_convnext.py', reloading
[2025-03-29 17:17:02,005] werkzeug - INFO -  * Detected change in 'C:\\Users\\suraj\\Miniconda3\\envs\\audio\\Lib\\site-packages\\~ransformers\\models\\convnext\\feature_extraction_convnext.py', reloading
[2025-03-29 17:17:02,006] werkzeug - INFO -  * Detected change in 'C:\\Users\\suraj\\Miniconda3\\envs\\audio\\Lib\\site-packages\\~ransformers\\models\\convnext\\feature_extraction_convnext.py', reloading
[2025-03-29 17:17:02,007] werkzeug - INFO -  * Detected change in 'C:\\Users\\suraj\\Miniconda3\\envs\\audio\\Lib\\site-packages\\~ransformers\\models\\convnext\\image_processing_convnext.py', reloading
[2025-03-29 17:17:02,009] werkzeug - INFO -  * Detected change in 'C:\\Users\\suraj\\Miniconda3\\envs\\audio\\Lib\\site-packages\\~ransformers\\models\\convnext\\image_processing_convnext.py', reloading
[2025-03-29 17:17:02,010] werkzeug - INFO -  * Detected change in 'C:\\Users\\suraj\\Miniconda3\\envs\\audio\\Lib\\site-packages\\~ransformers\\models\\convnext\\image_processing_convnext.py', reloading
[2025-03-29 17:17:02,011] werkzeug - INFO -  * Detected change in 'C:\\Users\\suraj\\Miniconda3\\envs\\audio\\Lib\\site-packages\\~ransformers\\models\\convnext\\image_processing_convnext_fast.py', reloading
[2025-03-29 17:17:02,013] werkzeug - INFO -  * Detected change in 'C:\\Users\\suraj\\Miniconda3\\envs\\audio\\Lib\\site-packages\\~ransformers\\models\\convnext\\image_processing_convnext_fast.py', reloading
[2025-03-29 17:17:02,014] werkzeug - INFO -  * Detected change in 'C:\\Users\\suraj\\Miniconda3\\envs\\audio\\Lib\\site-packages\\~ransformers\\models\\convnext\\image_processing_convnext_fast.py', reloading
[2025-03-29 17:17:02,015] werkzeug - INFO -  * Detected change in 'C:\\Users\\suraj\\Miniconda3\\envs\\audio\\Lib\\site-packages\\~ransformers\\models\\convnext\\modeling_convnext.py', reloading
[2025-03-29 17:17:02,016] werkzeug - INFO -  * Detected change in 'C:\\Users\\suraj\\Miniconda3\\envs\\audio\\Lib\\site-packages\\~ransformers\\models\\convnext\\modeling_convnext.py', reloading
[2025-03-29 17:17:02,017] werkzeug - INFO -  * Detected change in 'C:\\Users\\suraj\\Miniconda3\\envs\\audio\\Lib\\site-packages\\~ransformers\\models\\convnext\\modeling_convnext.py', reloading
[2025-03-29 17:17:02,018] werkzeug - INFO -  * Detected change in 'C:\\Users\\suraj\\Miniconda3\\envs\\audio\\Lib\\site-packages\\~ransformers\\models\\convnext\\modeling_tf_convnext.py', reloading
[2025-03-29 17:17:02,020] werkzeug - INFO -  * Detected change in 'C:\\Users\\suraj\\Miniconda3\\envs\\audio\\Lib\\site-packages\\~ransformers\\models\\convnext\\modeling_tf_convnext.py', reloading
[2025-03-29 17:17:02,020] werkzeug - INFO -  * Detected change in 'C:\\Users\\suraj\\Miniconda3\\envs\\audio\\Lib\\site-packages\\~ransformers\\models\\convnext\\modeling_tf_convnext.py', reloading
[2025-03-29 17:17:02,021] werkzeug - INFO -  * Detected change in 'C:\\Users\\suraj\\Miniconda3\\envs\\audio\\Lib\\site-packages\\~ransformers\\models\\convnext\\__init__.py', reloading
[2025-03-29 17:17:02,022] werkzeug - INFO -  * Detected change in 'C:\\Users\\suraj\\Miniconda3\\envs\\audio\\Lib\\site-packages\\transformers\\models\\convnext\\__init__.py', reloading
[2025-03-29 17:17:02,026] werkzeug - INFO -  * Detected change in 'C:\\Users\\suraj\\Miniconda3\\envs\\audio\\Lib\\site-packages\\~ransformers\\models\\convnext\\__init__.py', reloading
[2025-03-29 17:17:02,027] werkzeug - INFO -  * Detected change in 'C:\\Users\\suraj\\Miniconda3\\envs\\audio\\Lib\\site-packages\\~ransformers\\models\\convnext\\__init__.py', reloading
[2025-03-29 17:17:02,042] werkzeug - INFO -  * Detected change in 'C:\\Users\\suraj\\Miniconda3\\envs\\audio\\Lib\\site-packages\\~ransformers\\models\\convnextv2\\configuration_convnextv2.py', reloading
[2025-03-29 17:17:02,044] werkzeug - INFO -  * Detected change in 'C:\\Users\\suraj\\Miniconda3\\envs\\audio\\Lib\\site-packages\\~ransformers\\models\\convnextv2\\configuration_convnextv2.py', reloading
[2025-03-29 17:17:02,045] werkzeug - INFO -  * Detected change in 'C:\\Users\\suraj\\Miniconda3\\envs\\audio\\Lib\\site-packages\\~ransformers\\models\\convnextv2\\configuration_convnextv2.py', reloading
[2025-03-29 17:17:02,046] werkzeug - INFO -  * Detected change in 'C:\\Users\\suraj\\Miniconda3\\envs\\audio\\Lib\\site-packages\\~ransformers\\models\\convnextv2\\modeling_convnextv2.py', reloading
[2025-03-29 17:17:02,048] werkzeug - INFO -  * Detected change in 'C:\\Users\\suraj\\Miniconda3\\envs\\audio\\Lib\\site-packages\\~ransformers\\models\\convnextv2\\modeling_convnextv2.py', reloading
[2025-03-29 17:17:02,048] werkzeug - INFO -  * Detected change in 'C:\\Users\\suraj\\Miniconda3\\envs\\audio\\Lib\\site-packages\\~ransformers\\models\\convnextv2\\modeling_convnextv2.py', reloading
[2025-03-29 17:17:02,049] werkzeug - INFO -  * Detected change in 'C:\\Users\\suraj\\Miniconda3\\envs\\audio\\Lib\\site-packages\\~ransformers\\models\\convnextv2\\modeling_tf_convnextv2.py', reloading
[2025-03-29 17:17:02,051] werkzeug - INFO -  * Detected change in 'C:\\Users\\suraj\\Miniconda3\\envs\\audio\\Lib\\site-packages\\~ransformers\\models\\convnextv2\\modeling_tf_convnextv2.py', reloading
[2025-03-29 17:17:02,052] werkzeug - INFO -  * Detected change in 'C:\\Users\\suraj\\Miniconda3\\envs\\audio\\Lib\\site-packages\\~ransformers\\models\\convnextv2\\modeling_tf_convnextv2.py', reloading
[2025-03-29 17:17:02,053] werkzeug - INFO -  * Detected change in 'C:\\Users\\suraj\\Miniconda3\\envs\\audio\\Lib\\site-packages\\~ransformers\\models\\convnextv2\\__init__.py', reloading
[2025-03-29 17:17:02,054] werkzeug - INFO -  * Detected change in 'C:\\Users\\suraj\\Miniconda3\\envs\\audio\\Lib\\site-packages\\transformers\\models\\convnextv2\\__init__.py', reloading
[2025-03-29 17:17:02,057] werkzeug - INFO -  * Detected change in 'C:\\Users\\suraj\\Miniconda3\\envs\\audio\\Lib\\site-packages\\~ransformers\\models\\convnextv2\\__init__.py', reloading
[2025-03-29 17:17:02,058] werkzeug - INFO -  * Detected change in 'C:\\Users\\suraj\\Miniconda3\\envs\\audio\\Lib\\site-packages\\~ransformers\\models\\convnextv2\\__init__.py', reloading
[2025-03-29 17:17:02,068] werkzeug - INFO -  * Detected change in 'C:\\Users\\suraj\\Miniconda3\\envs\\audio\\Lib\\site-packages\\~ransformers\\models\\cpm\\tokenization_cpm.py', reloading
[2025-03-29 17:17:02,070] werkzeug - INFO -  * Detected change in 'C:\\Users\\suraj\\Miniconda3\\envs\\audio\\Lib\\site-packages\\~ransformers\\models\\cpm\\tokenization_cpm.py', reloading
[2025-03-29 17:17:02,071] werkzeug - INFO -  * Detected change in 'C:\\Users\\suraj\\Miniconda3\\envs\\audio\\Lib\\site-packages\\~ransformers\\models\\cpm\\tokenization_cpm.py', reloading
[2025-03-29 17:17:02,072] werkzeug - INFO -  * Detected change in 'C:\\Users\\suraj\\Miniconda3\\envs\\audio\\Lib\\site-packages\\~ransformers\\models\\cpm\\tokenization_cpm_fast.py', reloading
[2025-03-29 17:17:02,073] werkzeug - INFO -  * Detected change in 'C:\\Users\\suraj\\Miniconda3\\envs\\audio\\Lib\\site-packages\\~ransformers\\models\\cpm\\tokenization_cpm_fast.py', reloading
[2025-03-29 17:17:02,074] werkzeug - INFO -  * Detected change in 'C:\\Users\\suraj\\Miniconda3\\envs\\audio\\Lib\\site-packages\\~ransformers\\models\\cpm\\tokenization_cpm_fast.py', reloading
[2025-03-29 17:17:02,075] werkzeug - INFO -  * Detected change in 'C:\\Users\\suraj\\Miniconda3\\envs\\audio\\Lib\\site-packages\\~ransformers\\models\\cpm\\__init__.py', reloading
[2025-03-29 17:17:02,076] werkzeug - INFO -  * Detected change in 'C:\\Users\\suraj\\Miniconda3\\envs\\audio\\Lib\\site-packages\\transformers\\models\\cpm\\__init__.py', reloading
[2025-03-29 17:17:02,080] werkzeug - INFO -  * Detected change in 'C:\\Users\\suraj\\Miniconda3\\envs\\audio\\Lib\\site-packages\\~ransformers\\models\\cpm\\__init__.py', reloading
[2025-03-29 17:17:02,080] werkzeug - INFO -  * Detected change in 'C:\\Users\\suraj\\Miniconda3\\envs\\audio\\Lib\\site-packages\\~ransformers\\models\\cpm\\__init__.py', reloading
[2025-03-29 17:17:02,089] werkzeug - INFO -  * Detected change in 'C:\\Users\\suraj\\Miniconda3\\envs\\audio\\Lib\\site-packages\\~ransformers\\models\\cpmant\\configuration_cpmant.py', reloading
[2025-03-29 17:17:02,091] werkzeug - INFO -  * Detected change in 'C:\\Users\\suraj\\Miniconda3\\envs\\audio\\Lib\\site-packages\\~ransformers\\models\\cpmant\\configuration_cpmant.py', reloading
[2025-03-29 17:17:02,092] werkzeug - INFO -  * Detected change in 'C:\\Users\\suraj\\Miniconda3\\envs\\audio\\Lib\\site-packages\\~ransformers\\models\\cpmant\\configuration_cpmant.py', reloading
[2025-03-29 17:17:02,093] werkzeug - INFO -  * Detected change in 'C:\\Users\\suraj\\Miniconda3\\envs\\audio\\Lib\\site-packages\\~ransformers\\models\\cpmant\\modeling_cpmant.py', reloading
[2025-03-29 17:17:02,095] werkzeug - INFO -  * Detected change in 'C:\\Users\\suraj\\Miniconda3\\envs\\audio\\Lib\\site-packages\\~ransformers\\models\\cpmant\\modeling_cpmant.py', reloading
[2025-03-29 17:17:02,095] werkzeug - INFO -  * Detected change in 'C:\\Users\\suraj\\Miniconda3\\envs\\audio\\Lib\\site-packages\\~ransformers\\models\\cpmant\\modeling_cpmant.py', reloading
[2025-03-29 17:17:02,096] werkzeug - INFO -  * Detected change in 'C:\\Users\\suraj\\Miniconda3\\envs\\audio\\Lib\\site-packages\\~ransformers\\models\\cpmant\\tokenization_cpmant.py', reloading
[2025-03-29 17:17:02,098] werkzeug - INFO -  * Detected change in 'C:\\Users\\suraj\\Miniconda3\\envs\\audio\\Lib\\site-packages\\~ransformers\\models\\cpmant\\tokenization_cpmant.py', reloading
[2025-03-29 17:17:02,099] werkzeug - INFO -  * Detected change in 'C:\\Users\\suraj\\Miniconda3\\envs\\audio\\Lib\\site-packages\\~ransformers\\models\\cpmant\\tokenization_cpmant.py', reloading
[2025-03-29 17:17:02,100] werkzeug - INFO -  * Detected change in 'C:\\Users\\suraj\\Miniconda3\\envs\\audio\\Lib\\site-packages\\~ransformers\\models\\cpmant\\__init__.py', reloading
[2025-03-29 17:17:02,101] werkzeug - INFO -  * Detected change in 'C:\\Users\\suraj\\Miniconda3\\envs\\audio\\Lib\\site-packages\\transformers\\models\\cpmant\\__init__.py', reloading
[2025-03-29 17:17:02,105] werkzeug - INFO -  * Detected change in 'C:\\Users\\suraj\\Miniconda3\\envs\\audio\\Lib\\site-packages\\~ransformers\\models\\cpmant\\__init__.py', reloading
[2025-03-29 17:17:02,105] werkzeug - INFO -  * Detected change in 'C:\\Users\\suraj\\Miniconda3\\envs\\audio\\Lib\\site-packages\\~ransformers\\models\\cpmant\\__init__.py', reloading
[2025-03-29 17:17:02,116] werkzeug - INFO -  * Detected change in 'C:\\Users\\suraj\\Miniconda3\\envs\\audio\\Lib\\site-packages\\~ransformers\\models\\ctrl\\configuration_ctrl.py', reloading
[2025-03-29 17:17:02,118] werkzeug - INFO -  * Detected change in 'C:\\Users\\suraj\\Miniconda3\\envs\\audio\\Lib\\site-packages\\~ransformers\\models\\ctrl\\configuration_ctrl.py', reloading
[2025-03-29 17:17:02,119] werkzeug - INFO -  * Detected change in 'C:\\Users\\suraj\\Miniconda3\\envs\\audio\\Lib\\site-packages\\~ransformers\\models\\ctrl\\configuration_ctrl.py', reloading
[2025-03-29 17:17:02,120] werkzeug - INFO -  * Detected change in 'C:\\Users\\suraj\\Miniconda3\\envs\\audio\\Lib\\site-packages\\~ransformers\\models\\ctrl\\modeling_ctrl.py', reloading
[2025-03-29 17:17:02,121] werkzeug - INFO -  * Detected change in 'C:\\Users\\suraj\\Miniconda3\\envs\\audio\\Lib\\site-packages\\~ransformers\\models\\ctrl\\modeling_ctrl.py', reloading
[2025-03-29 17:17:02,122] werkzeug - INFO -  * Detected change in 'C:\\Users\\suraj\\Miniconda3\\envs\\audio\\Lib\\site-packages\\~ransformers\\models\\ctrl\\modeling_ctrl.py', reloading
[2025-03-29 17:17:02,123] werkzeug - INFO -  * Detected change in 'C:\\Users\\suraj\\Miniconda3\\envs\\audio\\Lib\\site-packages\\~ransformers\\models\\ctrl\\modeling_tf_ctrl.py', reloading
[2025-03-29 17:17:02,125] werkzeug - INFO -  * Detected change in 'C:\\Users\\suraj\\Miniconda3\\envs\\audio\\Lib\\site-packages\\~ransformers\\models\\ctrl\\modeling_tf_ctrl.py', reloading
[2025-03-29 17:17:02,125] werkzeug - INFO -  * Detected change in 'C:\\Users\\suraj\\Miniconda3\\envs\\audio\\Lib\\site-packages\\~ransformers\\models\\ctrl\\modeling_tf_ctrl.py', reloading
[2025-03-29 17:17:02,126] werkzeug - INFO -  * Detected change in 'C:\\Users\\suraj\\Miniconda3\\envs\\audio\\Lib\\site-packages\\~ransformers\\models\\ctrl\\tokenization_ctrl.py', reloading
[2025-03-29 17:17:02,128] werkzeug - INFO -  * Detected change in 'C:\\Users\\suraj\\Miniconda3\\envs\\audio\\Lib\\site-packages\\~ransformers\\models\\ctrl\\tokenization_ctrl.py', reloading
[2025-03-29 17:17:02,129] werkzeug - INFO -  * Detected change in 'C:\\Users\\suraj\\Miniconda3\\envs\\audio\\Lib\\site-packages\\~ransformers\\models\\ctrl\\tokenization_ctrl.py', reloading
[2025-03-29 17:17:02,132] werkzeug - INFO -  * Detected change in 'C:\\Users\\suraj\\Miniconda3\\envs\\audio\\Lib\\site-packages\\~ransformers\\models\\ctrl\\__init__.py', reloading
[2025-03-29 17:17:02,133] werkzeug - INFO -  * Detected change in 'C:\\Users\\suraj\\Miniconda3\\envs\\audio\\Lib\\site-packages\\transformers\\models\\ctrl\\__init__.py', reloading
[2025-03-29 17:17:02,138] werkzeug - INFO -  * Detected change in 'C:\\Users\\suraj\\Miniconda3\\envs\\audio\\Lib\\site-packages\\~ransformers\\models\\ctrl\\__init__.py', reloading
[2025-03-29 17:17:02,138] werkzeug - INFO -  * Detected change in 'C:\\Users\\suraj\\Miniconda3\\envs\\audio\\Lib\\site-packages\\~ransformers\\models\\ctrl\\__init__.py', reloading
[2025-03-29 17:17:02,151] werkzeug - INFO -  * Detected change in 'C:\\Users\\suraj\\Miniconda3\\envs\\audio\\Lib\\site-packages\\~ransformers\\models\\cvt\\configuration_cvt.py', reloading
[2025-03-29 17:17:02,153] werkzeug - INFO -  * Detected change in 'C:\\Users\\suraj\\Miniconda3\\envs\\audio\\Lib\\site-packages\\~ransformers\\models\\cvt\\configuration_cvt.py', reloading
[2025-03-29 17:17:02,154] werkzeug - INFO -  * Detected change in 'C:\\Users\\suraj\\Miniconda3\\envs\\audio\\Lib\\site-packages\\~ransformers\\models\\cvt\\configuration_cvt.py', reloading
[2025-03-29 17:17:02,155] werkzeug - INFO -  * Detected change in 'C:\\Users\\suraj\\Miniconda3\\envs\\audio\\Lib\\site-packages\\~ransformers\\models\\cvt\\modeling_cvt.py', reloading
[2025-03-29 17:17:02,156] werkzeug - INFO -  * Detected change in 'C:\\Users\\suraj\\Miniconda3\\envs\\audio\\Lib\\site-packages\\~ransformers\\models\\cvt\\modeling_cvt.py', reloading
[2025-03-29 17:17:02,157] werkzeug - INFO -  * Detected change in 'C:\\Users\\suraj\\Miniconda3\\envs\\audio\\Lib\\site-packages\\~ransformers\\models\\cvt\\modeling_cvt.py', reloading
[2025-03-29 17:17:02,158] werkzeug - INFO -  * Detected change in 'C:\\Users\\suraj\\Miniconda3\\envs\\audio\\Lib\\site-packages\\~ransformers\\models\\cvt\\modeling_tf_cvt.py', reloading
[2025-03-29 17:17:02,160] werkzeug - INFO -  * Detected change in 'C:\\Users\\suraj\\Miniconda3\\envs\\audio\\Lib\\site-packages\\~ransformers\\models\\cvt\\modeling_tf_cvt.py', reloading
[2025-03-29 17:17:02,160] werkzeug - INFO -  * Detected change in 'C:\\Users\\suraj\\Miniconda3\\envs\\audio\\Lib\\site-packages\\~ransformers\\models\\cvt\\modeling_tf_cvt.py', reloading
[2025-03-29 17:17:02,162] werkzeug - INFO -  * Detected change in 'C:\\Users\\suraj\\Miniconda3\\envs\\audio\\Lib\\site-packages\\~ransformers\\models\\cvt\\__init__.py', reloading
[2025-03-29 17:17:02,163] werkzeug - INFO -  * Detected change in 'C:\\Users\\suraj\\Miniconda3\\envs\\audio\\Lib\\site-packages\\transformers\\models\\cvt\\__init__.py', reloading
[2025-03-29 17:17:02,168] werkzeug - INFO -  * Detected change in 'C:\\Users\\suraj\\Miniconda3\\envs\\audio\\Lib\\site-packages\\~ransformers\\models\\cvt\\__init__.py', reloading
[2025-03-29 17:17:02,168] werkzeug - INFO -  * Detected change in 'C:\\Users\\suraj\\Miniconda3\\envs\\audio\\Lib\\site-packages\\~ransformers\\models\\cvt\\__init__.py', reloading
[2025-03-29 17:17:02,179] werkzeug - INFO -  * Detected change in 'C:\\Users\\suraj\\Miniconda3\\envs\\audio\\Lib\\site-packages\\~ransformers\\models\\dab_detr\\configuration_dab_detr.py', reloading
[2025-03-29 17:17:02,181] werkzeug - INFO -  * Detected change in 'C:\\Users\\suraj\\Miniconda3\\envs\\audio\\Lib\\site-packages\\~ransformers\\models\\dab_detr\\configuration_dab_detr.py', reloading
[2025-03-29 17:17:02,182] werkzeug - INFO -  * Detected change in 'C:\\Users\\suraj\\Miniconda3\\envs\\audio\\Lib\\site-packages\\~ransformers\\models\\dab_detr\\configuration_dab_detr.py', reloading
[2025-03-29 17:17:02,182] werkzeug - INFO -  * Detected change in 'C:\\Users\\suraj\\Miniconda3\\envs\\audio\\Lib\\site-packages\\~ransformers\\models\\dab_detr\\modeling_dab_detr.py', reloading
[2025-03-29 17:17:02,184] werkzeug - INFO -  * Detected change in 'C:\\Users\\suraj\\Miniconda3\\envs\\audio\\Lib\\site-packages\\~ransformers\\models\\dab_detr\\modeling_dab_detr.py', reloading
[2025-03-29 17:17:02,185] werkzeug - INFO -  * Detected change in 'C:\\Users\\suraj\\Miniconda3\\envs\\audio\\Lib\\site-packages\\~ransformers\\models\\dab_detr\\modeling_dab_detr.py', reloading
[2025-03-29 17:17:02,186] werkzeug - INFO -  * Detected change in 'C:\\Users\\suraj\\Miniconda3\\envs\\audio\\Lib\\site-packages\\~ransformers\\models\\dab_detr\\__init__.py', reloading
[2025-03-29 17:17:02,186] werkzeug - INFO -  * Detected change in 'C:\\Users\\suraj\\Miniconda3\\envs\\audio\\Lib\\site-packages\\transformers\\models\\dab_detr\\__init__.py', reloading
[2025-03-29 17:17:02,190] werkzeug - INFO -  * Detected change in 'C:\\Users\\suraj\\Miniconda3\\envs\\audio\\Lib\\site-packages\\~ransformers\\models\\dab_detr\\__init__.py', reloading
[2025-03-29 17:17:02,191] werkzeug - INFO -  * Detected change in 'C:\\Users\\suraj\\Miniconda3\\envs\\audio\\Lib\\site-packages\\~ransformers\\models\\dab_detr\\__init__.py', reloading
[2025-03-29 17:17:02,200] werkzeug - INFO -  * Detected change in 'C:\\Users\\suraj\\Miniconda3\\envs\\audio\\Lib\\site-packages\\~ransformers\\models\\dac\\configuration_dac.py', reloading
[2025-03-29 17:17:02,202] werkzeug - INFO -  * Detected change in 'C:\\Users\\suraj\\Miniconda3\\envs\\audio\\Lib\\site-packages\\~ransformers\\models\\dac\\configuration_dac.py', reloading
[2025-03-29 17:17:02,203] werkzeug - INFO -  * Detected change in 'C:\\Users\\suraj\\Miniconda3\\envs\\audio\\Lib\\site-packages\\~ransformers\\models\\dac\\configuration_dac.py', reloading
[2025-03-29 17:17:02,204] werkzeug - INFO -  * Detected change in 'C:\\Users\\suraj\\Miniconda3\\envs\\audio\\Lib\\site-packages\\~ransformers\\models\\dac\\feature_extraction_dac.py', reloading
[2025-03-29 17:17:02,206] werkzeug - INFO -  * Detected change in 'C:\\Users\\suraj\\Miniconda3\\envs\\audio\\Lib\\site-packages\\~ransformers\\models\\dac\\feature_extraction_dac.py', reloading
[2025-03-29 17:17:02,206] werkzeug - INFO -  * Detected change in 'C:\\Users\\suraj\\Miniconda3\\envs\\audio\\Lib\\site-packages\\~ransformers\\models\\dac\\feature_extraction_dac.py', reloading
[2025-03-29 17:17:02,207] werkzeug - INFO -  * Detected change in 'C:\\Users\\suraj\\Miniconda3\\envs\\audio\\Lib\\site-packages\\~ransformers\\models\\dac\\modeling_dac.py', reloading
[2025-03-29 17:17:02,209] werkzeug - INFO -  * Detected change in 'C:\\Users\\suraj\\Miniconda3\\envs\\audio\\Lib\\site-packages\\~ransformers\\models\\dac\\modeling_dac.py', reloading
[2025-03-29 17:17:02,209] werkzeug - INFO -  * Detected change in 'C:\\Users\\suraj\\Miniconda3\\envs\\audio\\Lib\\site-packages\\~ransformers\\models\\dac\\modeling_dac.py', reloading
[2025-03-29 17:17:02,210] werkzeug - INFO -  * Detected change in 'C:\\Users\\suraj\\Miniconda3\\envs\\audio\\Lib\\site-packages\\~ransformers\\models\\dac\\__init__.py', reloading
[2025-03-29 17:17:02,211] werkzeug - INFO -  * Detected change in 'C:\\Users\\suraj\\Miniconda3\\envs\\audio\\Lib\\site-packages\\transformers\\models\\dac\\__init__.py', reloading
[2025-03-29 17:17:02,215] werkzeug - INFO -  * Detected change in 'C:\\Users\\suraj\\Miniconda3\\envs\\audio\\Lib\\site-packages\\~ransformers\\models\\dac\\__init__.py', reloading
[2025-03-29 17:17:02,216] werkzeug - INFO -  * Detected change in 'C:\\Users\\suraj\\Miniconda3\\envs\\audio\\Lib\\site-packages\\~ransformers\\models\\dac\\__init__.py', reloading
[2025-03-29 17:17:02,226] werkzeug - INFO -  * Detected change in 'C:\\Users\\suraj\\Miniconda3\\envs\\audio\\Lib\\site-packages\\~ransformers\\models\\data2vec\\configuration_data2vec_audio.py', reloading
[2025-03-29 17:17:02,228] werkzeug - INFO -  * Detected change in 'C:\\Users\\suraj\\Miniconda3\\envs\\audio\\Lib\\site-packages\\~ransformers\\models\\data2vec\\configuration_data2vec_audio.py', reloading
[2025-03-29 17:17:02,229] werkzeug - INFO -  * Detected change in 'C:\\Users\\suraj\\Miniconda3\\envs\\audio\\Lib\\site-packages\\~ransformers\\models\\data2vec\\configuration_data2vec_audio.py', reloading
[2025-03-29 17:17:02,229] werkzeug - INFO -  * Detected change in 'C:\\Users\\suraj\\Miniconda3\\envs\\audio\\Lib\\site-packages\\~ransformers\\models\\data2vec\\configuration_data2vec_text.py', reloading
[2025-03-29 17:17:02,231] werkzeug - INFO -  * Detected change in 'C:\\Users\\suraj\\Miniconda3\\envs\\audio\\Lib\\site-packages\\~ransformers\\models\\data2vec\\configuration_data2vec_text.py', reloading
[2025-03-29 17:17:02,232] werkzeug - INFO -  * Detected change in 'C:\\Users\\suraj\\Miniconda3\\envs\\audio\\Lib\\site-packages\\~ransformers\\models\\data2vec\\configuration_data2vec_text.py', reloading
[2025-03-29 17:17:02,233] werkzeug - INFO -  * Detected change in 'C:\\Users\\suraj\\Miniconda3\\envs\\audio\\Lib\\site-packages\\~ransformers\\models\\data2vec\\configuration_data2vec_vision.py', reloading
[2025-03-29 17:17:02,235] werkzeug - INFO -  * Detected change in 'C:\\Users\\suraj\\Miniconda3\\envs\\audio\\Lib\\site-packages\\~ransformers\\models\\data2vec\\configuration_data2vec_vision.py', reloading
[2025-03-29 17:17:02,235] werkzeug - INFO -  * Detected change in 'C:\\Users\\suraj\\Miniconda3\\envs\\audio\\Lib\\site-packages\\~ransformers\\models\\data2vec\\configuration_data2vec_vision.py', reloading
[2025-03-29 17:17:02,236] werkzeug - INFO -  * Detected change in 'C:\\Users\\suraj\\Miniconda3\\envs\\audio\\Lib\\site-packages\\~ransformers\\models\\data2vec\\modeling_data2vec_audio.py', reloading
[2025-03-29 17:17:02,238] werkzeug - INFO -  * Detected change in 'C:\\Users\\suraj\\Miniconda3\\envs\\audio\\Lib\\site-packages\\~ransformers\\models\\data2vec\\modeling_data2vec_audio.py', reloading
[2025-03-29 17:17:02,239] werkzeug - INFO -  * Detected change in 'C:\\Users\\suraj\\Miniconda3\\envs\\audio\\Lib\\site-packages\\~ransformers\\models\\data2vec\\modeling_data2vec_audio.py', reloading
[2025-03-29 17:17:02,240] werkzeug - INFO -  * Detected change in 'C:\\Users\\suraj\\Miniconda3\\envs\\audio\\Lib\\site-packages\\~ransformers\\models\\data2vec\\modeling_data2vec_text.py', reloading
[2025-03-29 17:17:02,242] werkzeug - INFO -  * Detected change in 'C:\\Users\\suraj\\Miniconda3\\envs\\audio\\Lib\\site-packages\\~ransformers\\models\\data2vec\\modeling_data2vec_text.py', reloading
[2025-03-29 17:17:02,242] werkzeug - INFO -  * Detected change in 'C:\\Users\\suraj\\Miniconda3\\envs\\audio\\Lib\\site-packages\\~ransformers\\models\\data2vec\\modeling_data2vec_text.py', reloading
[2025-03-29 17:17:02,243] werkzeug - INFO -  * Detected change in 'C:\\Users\\suraj\\Miniconda3\\envs\\audio\\Lib\\site-packages\\~ransformers\\models\\data2vec\\modeling_data2vec_vision.py', reloading
[2025-03-29 17:17:02,245] werkzeug - INFO -  * Detected change in 'C:\\Users\\suraj\\Miniconda3\\envs\\audio\\Lib\\site-packages\\~ransformers\\models\\data2vec\\modeling_data2vec_vision.py', reloading
[2025-03-29 17:17:02,246] werkzeug - INFO -  * Detected change in 'C:\\Users\\suraj\\Miniconda3\\envs\\audio\\Lib\\site-packages\\~ransformers\\models\\data2vec\\modeling_data2vec_vision.py', reloading
[2025-03-29 17:17:02,247] werkzeug - INFO -  * Detected change in 'C:\\Users\\suraj\\Miniconda3\\envs\\audio\\Lib\\site-packages\\~ransformers\\models\\data2vec\\modeling_tf_data2vec_vision.py', reloading
[2025-03-29 17:17:02,249] werkzeug - INFO -  * Detected change in 'C:\\Users\\suraj\\Miniconda3\\envs\\audio\\Lib\\site-packages\\~ransformers\\models\\data2vec\\modeling_tf_data2vec_vision.py', reloading
[2025-03-29 17:17:02,249] werkzeug - INFO -  * Detected change in 'C:\\Users\\suraj\\Miniconda3\\envs\\audio\\Lib\\site-packages\\~ransformers\\models\\data2vec\\modeling_tf_data2vec_vision.py', reloading
[2025-03-29 17:17:02,250] werkzeug - INFO -  * Detected change in 'C:\\Users\\suraj\\Miniconda3\\envs\\audio\\Lib\\site-packages\\~ransformers\\models\\data2vec\\__init__.py', reloading
