[2025-03-30 07:29:06,352] pydot - DEBUG - pydot initializing
[2025-03-30 07:29:06,352] pydot - DEBUG - pydot 3.0.4
[2025-03-30 07:29:06,377] pydot.dot_parser - DEBUG - pydot dot_parser module initializing
[2025-03-30 07:29:06,379] pydot.core - DEBUG - pydot core module initializing
[2025-03-30 07:29:11,725] werkzeug - WARNING -  * Debugger is active!
[2025-03-30 07:29:11,733] werkzeug - INFO -  * Debugger PIN: 134-049-397
[2025-03-30 07:29:27,617] werkzeug - INFO - 127.0.0.1 - - [30/Mar/2025 07:29:27] "GET / HTTP/1.1" 200 -
[2025-03-30 07:29:27,792] werkzeug - INFO - 127.0.0.1 - - [30/Mar/2025 07:29:27] "[36mGET /static/style.css HTTP/1.1[0m" 304 -
[2025-03-30 07:29:50,143] root - INFO - YouTube audio downloaded successfully: downloads/raw_audio\Chalawe Ki Raat
[2025-03-30 07:29:50,486] root - INFO - FFmpeg is installed and available.
[2025-03-30 07:29:50,487] root - INFO - Loading Whisper model...
[2025-03-30 07:29:59,073] root - INFO - Whisper model loaded successfully.
[2025-03-30 07:29:59,073] root - INFO - Loading summarization model...
[2025-03-30 07:30:01,679] root - INFO - Summarization model loaded successfully.
[2025-03-30 07:30:01,679] root - INFO - Processing audio file: downloads/raw_audio\Chalawe Ki Raat
[2025-03-30 07:30:01,682] root - INFO - Directory ensured: downloads/transcribed_text
[2025-03-30 07:30:01,683] root - INFO - Transcribing audio file: downloads/raw_audio\Chalawe Ki Raat.mp3
[2025-03-30 07:36:19,895] root - INFO - Transcription completed successfully.
[2025-03-30 07:36:19,896] root - INFO - Normalizing Hindi text...
[2025-03-30 07:36:19,898] root - INFO - Text normalization completed successfully.
[2025-03-30 07:36:19,899] root - INFO - Generating summary...
[2025-03-30 07:36:20,001] root - ERROR - Error in generating summary: CUDA error: device-side assert triggered
CUDA kernel errors might be asynchronously reported at some other API call, so the stacktrace below might be incorrect.
For debugging consider passing CUDA_LAUNCH_BLOCKING=1
Compile with `TORCH_USE_CUDA_DSA` to enable device-side assertions.

[2025-03-30 07:36:20,002] root - ERROR - error occured in python script:[C:\Users\suraj\OneDrive\Desktop\ML_pipe\ai_agent_audio\audio-extraction\scripts\transcribe.py]at number:[86]:str [CUDA error: device-side assert triggered
CUDA kernel errors might be asynchronously reported at some other API call, so the stacktrace below might be incorrect.
For debugging consider passing CUDA_LAUNCH_BLOCKING=1
Compile with `TORCH_USE_CUDA_DSA` to enable device-side assertions.
]
[2025-03-30 07:36:20,003] root - ERROR - Error in processing audio: error occured in python script:[C:\Users\suraj\OneDrive\Desktop\ML_pipe\ai_agent_audio\audio-extraction\scripts\transcribe.py]at number:[86]:str [CUDA error: device-side assert triggered
CUDA kernel errors might be asynchronously reported at some other API call, so the stacktrace below might be incorrect.
For debugging consider passing CUDA_LAUNCH_BLOCKING=1
Compile with `TORCH_USE_CUDA_DSA` to enable device-side assertions.
]
[2025-03-30 07:36:20,003] root - ERROR - error occured in python script:[C:\Users\suraj\OneDrive\Desktop\ML_pipe\ai_agent_audio\audio-extraction\scripts\transcribe.py]at number:[103]:str [error occured in python script:[C:\Users\suraj\OneDrive\Desktop\ML_pipe\ai_agent_audio\audio-extraction\scripts\transcribe.py]at number:[86]:str [CUDA error: device-side assert triggered
CUDA kernel errors might be asynchronously reported at some other API call, so the stacktrace below might be incorrect.
For debugging consider passing CUDA_LAUNCH_BLOCKING=1
Compile with `TORCH_USE_CUDA_DSA` to enable device-side assertions.
]]
[2025-03-30 07:36:20,012] werkzeug - INFO - 127.0.0.1 - - [30/Mar/2025 07:36:20] "POST / HTTP/1.1" 200 -
[2025-03-30 07:36:20,035] werkzeug - INFO - 127.0.0.1 - - [30/Mar/2025 07:36:20] "[36mGET /static/style.css HTTP/1.1[0m" 304 -
