[2025-03-30 06:14:16,794] pydot - DEBUG - pydot initializing
[2025-03-30 06:14:16,794] pydot - DEBUG - pydot 3.0.4
[2025-03-30 06:14:16,821] pydot.dot_parser - DEBUG - pydot dot_parser module initializing
[2025-03-30 06:14:16,823] pydot.core - DEBUG - pydot core module initializing
[2025-03-30 06:14:22,277] werkzeug - WARNING -  * Debugger is active!
[2025-03-30 06:14:22,288] werkzeug - INFO -  * Debugger PIN: 134-049-397
[2025-03-30 06:15:34,276] root - INFO - YouTube audio downloaded successfully: downloads/raw_audio\Chalawe Ki Raat
[2025-03-30 06:15:44,842] werkzeug - INFO - 127.0.0.1 - - [30/Mar/2025 06:15:44] "POST / HTTP/1.1" 200 -
[2025-03-30 06:15:45,046] werkzeug - INFO - 127.0.0.1 - - [30/Mar/2025 06:15:45] "[36mGET /static/style.css HTTP/1.1[0m" 304 -
[2025-03-30 06:20:40,340] werkzeug - INFO -  * Detected change in 'C:\\Users\\suraj\\OneDrive\\Desktop\\ML_pipe\\ai_agent_audio\\audio-extraction\\app.py', reloading
[2025-03-30 06:20:40,342] werkzeug - INFO -  * Detected change in 'c:\\users\\suraj\\onedrive\\desktop\\ml_pipe\\ai_agent_audio\\audio-extraction\\app.py', reloading
[2025-03-30 06:20:40,343] werkzeug - INFO -  * Detected change in 'C:\\Users\\suraj\\OneDrive\\Desktop\\ML_pipe\\ai_agent_audio\\audio-extraction\\app.py', reloading
[2025-03-30 06:20:40,344] werkzeug - INFO -  * Detected change in 'c:\\users\\suraj\\onedrive\\desktop\\ml_pipe\\ai_agent_audio\\audio-extraction\\app.py', reloading
[2025-03-30 06:20:40,344] werkzeug - INFO -  * Detected change in 'C:\\Users\\suraj\\OneDrive\\Desktop\\ML_pipe\\ai_agent_audio\\audio-extraction\\app.py', reloading
[2025-03-30 06:20:40,345] werkzeug - INFO -  * Detected change in 'c:\\users\\suraj\\onedrive\\desktop\\ml_pipe\\ai_agent_audio\\audio-extraction\\app.py', reloading
[2025-03-30 06:20:40,633] werkzeug - INFO -  * Detected change in 'c:\\users\\suraj\\onedrive\\desktop\\ml_pipe\\ai_agent_audio\\audio-extraction\\app.py', reloading
[2025-03-30 06:20:40,635] werkzeug - INFO -  * Detected change in 'C:\\Users\\suraj\\OneDrive\\Desktop\\ML_pipe\\ai_agent_audio\\audio-extraction\\app.py', reloading
[2025-03-30 06:20:40,636] werkzeug - INFO -  * Detected change in 'c:\\users\\suraj\\onedrive\\desktop\\ml_pipe\\ai_agent_audio\\audio-extraction\\app.py', reloading
[2025-03-30 06:20:40,636] werkzeug - INFO -  * Detected change in 'C:\\Users\\suraj\\OneDrive\\Desktop\\ML_pipe\\ai_agent_audio\\audio-extraction\\app.py', reloading
[2025-03-30 06:20:40,874] werkzeug - INFO -  * Detected change in 'C:\\Users\\suraj\\OneDrive\\Desktop\\ML_pipe\\ai_agent_audio\\audio-extraction\\app.py', reloading
[2025-03-30 06:20:40,875] werkzeug - INFO -  * Detected change in 'c:\\users\\suraj\\onedrive\\desktop\\ml_pipe\\ai_agent_audio\\audio-extraction\\app.py', reloading
[2025-03-30 06:20:40,876] werkzeug - INFO -  * Detected change in 'C:\\Users\\suraj\\OneDrive\\Desktop\\ML_pipe\\ai_agent_audio\\audio-extraction\\app.py', reloading
[2025-03-30 06:20:40,877] werkzeug - INFO -  * Detected change in 'c:\\users\\suraj\\onedrive\\desktop\\ml_pipe\\ai_agent_audio\\audio-extraction\\app.py', reloading
[2025-03-30 06:20:40,878] werkzeug - INFO -  * Detected change in 'C:\\Users\\suraj\\OneDrive\\Desktop\\ML_pipe\\ai_agent_audio\\audio-extraction\\app.py', reloading
[2025-03-30 06:20:40,878] werkzeug - INFO -  * Detected change in 'c:\\users\\suraj\\onedrive\\desktop\\ml_pipe\\ai_agent_audio\\audio-extraction\\app.py', reloading
