[2025-04-05 16:10:31,132] pydot - DEBUG - pydot initializing
[2025-04-05 16:10:31,132] pydot - DEBUG - pydot 3.0.4
[2025-04-05 16:10:31,171] pydot.dot_parser - DEBUG - pydot dot_parser module initializing
[2025-04-05 16:10:31,174] pydot.core - DEBUG - pydot core module initializing
[2025-04-05 16:10:36,680] werkzeug - WARNING -  * Debugger is active!
[2025-04-05 16:10:36,688] werkzeug - INFO -  * Debugger PIN: 518-811-281
[2025-04-05 16:11:05,356] root - INFO - Downloading audio for: Chalawe Ki Raat
[2025-04-05 16:11:05,877] root - INFO - Downloading audio for: Chalawe Ki Raat
[2025-04-05 16:11:11,904] root - INFO - YouTube audio downloaded successfully: downloads/raw_audio\Chalawe Ki Raat.mp3
[2025-04-05 16:11:11,914] root - INFO - Initializing transcriber...
[2025-04-05 16:11:11,918] root - INFO - YouTube audio downloaded successfully: downloads/raw_audio\Chalawe Ki Raat.mp3
[2025-04-05 16:11:11,919] root - INFO - Initializing transcriber...
[2025-04-05 16:11:12,307] root - INFO - FFmpeg is installed and available.
[2025-04-05 16:11:12,308] root - INFO - Loading Whisper model...
[2025-04-05 16:11:12,314] root - INFO - FFmpeg is installed and available.
[2025-04-05 16:11:12,314] root - INFO - Loading Whisper model...
[2025-04-05 16:11:28,976] root - INFO - Whisper model loaded successfully.
[2025-04-05 16:11:28,981] root - INFO - Loading summarization model...
[2025-04-05 16:11:28,981] root - INFO - Whisper model loaded successfully.
[2025-04-05 16:11:28,989] root - INFO - Loading summarization model...
[2025-04-05 16:11:34,952] root - INFO - Summarization model loaded successfully.
[2025-04-05 16:11:34,953] root - INFO - Processing transcription...
[2025-04-05 16:11:34,953] root - INFO - Processing audio file: downloads/raw_audio\Chalawe Ki Raat.mp3
[2025-04-05 16:11:34,954] root - INFO - Directory ensured: downloads/transcribed_text
[2025-04-05 16:11:34,955] root - ERROR - Audio file not found: downloads/raw_audio\Chalawe Ki Raat.mp3.mp3
[2025-04-05 16:11:34,955] root - ERROR - Error in transcribing audio: Audio file not found: downloads/raw_audio\Chalawe Ki Raat.mp3.mp3
[2025-04-05 16:11:34,956] root - ERROR - error occured in python script:[C:\Users\suraj\OneDrive\Desktop\ML_pipe\ai_agent_audio\audio-extraction\scripts\transcribe.py]at number:[51]:str [Audio file not found: downloads/raw_audio\Chalawe Ki Raat.mp3.mp3]
[2025-04-05 16:11:34,956] root - ERROR - Error in processing audio: error occured in python script:[C:\Users\suraj\OneDrive\Desktop\ML_pipe\ai_agent_audio\audio-extraction\scripts\transcribe.py]at number:[51]:str [Audio file not found: downloads/raw_audio\Chalawe Ki Raat.mp3.mp3]
[2025-04-05 16:11:34,956] root - ERROR - error occured in python script:[C:\Users\suraj\OneDrive\Desktop\ML_pipe\ai_agent_audio\audio-extraction\scripts\transcribe.py]at number:[101]:str [error occured in python script:[C:\Users\suraj\OneDrive\Desktop\ML_pipe\ai_agent_audio\audio-extraction\scripts\transcribe.py]at number:[51]:str [Audio file not found: downloads/raw_audio\Chalawe Ki Raat.mp3.mp3]]
[2025-04-05 16:11:34,957] root - ERROR - Error processing video: error occured in python script:[C:\Users\suraj\OneDrive\Desktop\ML_pipe\ai_agent_audio\audio-extraction\scripts\transcribe.py]at number:[101]:str [error occured in python script:[C:\Users\suraj\OneDrive\Desktop\ML_pipe\ai_agent_audio\audio-extraction\scripts\transcribe.py]at number:[51]:str [Audio file not found: downloads/raw_audio\Chalawe Ki Raat.mp3.mp3]]
[2025-04-05 16:11:34,958] root - ERROR - error occured in python script:[C:\Users\suraj\OneDrive\Desktop\ML_pipe\ai_agent_audio\audio-extraction\app.py]at number:[78]:str [error occured in python script:[C:\Users\suraj\OneDrive\Desktop\ML_pipe\ai_agent_audio\audio-extraction\scripts\transcribe.py]at number:[101]:str [error occured in python script:[C:\Users\suraj\OneDrive\Desktop\ML_pipe\ai_agent_audio\audio-extraction\scripts\transcribe.py]at number:[51]:str [Audio file not found: downloads/raw_audio\Chalawe Ki Raat.mp3.mp3]]]
[2025-04-05 16:11:34,995] werkzeug - INFO - 127.0.0.1 - - [05/Apr/2025 16:11:34] "POST / HTTP/1.1" 200 -
[2025-04-05 16:11:35,328] root - INFO - Summarization model loaded successfully.
[2025-04-05 16:11:35,328] root - INFO - Processing transcription...
[2025-04-05 16:11:35,329] root - INFO - Processing audio file: downloads/raw_audio\Chalawe Ki Raat.mp3
[2025-04-05 16:11:35,329] root - INFO - Directory ensured: downloads/transcribed_text
[2025-04-05 16:11:35,330] root - ERROR - Audio file not found: downloads/raw_audio\Chalawe Ki Raat.mp3.mp3
[2025-04-05 16:11:35,330] root - ERROR - Error in transcribing audio: Audio file not found: downloads/raw_audio\Chalawe Ki Raat.mp3.mp3
[2025-04-05 16:11:35,330] root - ERROR - error occured in python script:[C:\Users\suraj\OneDrive\Desktop\ML_pipe\ai_agent_audio\audio-extraction\scripts\transcribe.py]at number:[51]:str [Audio file not found: downloads/raw_audio\Chalawe Ki Raat.mp3.mp3]
[2025-04-05 16:11:35,331] root - ERROR - Error in processing audio: error occured in python script:[C:\Users\suraj\OneDrive\Desktop\ML_pipe\ai_agent_audio\audio-extraction\scripts\transcribe.py]at number:[51]:str [Audio file not found: downloads/raw_audio\Chalawe Ki Raat.mp3.mp3]
[2025-04-05 16:11:35,331] root - ERROR - error occured in python script:[C:\Users\suraj\OneDrive\Desktop\ML_pipe\ai_agent_audio\audio-extraction\scripts\transcribe.py]at number:[101]:str [error occured in python script:[C:\Users\suraj\OneDrive\Desktop\ML_pipe\ai_agent_audio\audio-extraction\scripts\transcribe.py]at number:[51]:str [Audio file not found: downloads/raw_audio\Chalawe Ki Raat.mp3.mp3]]
[2025-04-05 16:11:35,332] root - ERROR - Error processing video: error occured in python script:[C:\Users\suraj\OneDrive\Desktop\ML_pipe\ai_agent_audio\audio-extraction\scripts\transcribe.py]at number:[101]:str [error occured in python script:[C:\Users\suraj\OneDrive\Desktop\ML_pipe\ai_agent_audio\audio-extraction\scripts\transcribe.py]at number:[51]:str [Audio file not found: downloads/raw_audio\Chalawe Ki Raat.mp3.mp3]]
[2025-04-05 16:11:35,332] root - ERROR - error occured in python script:[C:\Users\suraj\OneDrive\Desktop\ML_pipe\ai_agent_audio\audio-extraction\app.py]at number:[78]:str [error occured in python script:[C:\Users\suraj\OneDrive\Desktop\ML_pipe\ai_agent_audio\audio-extraction\scripts\transcribe.py]at number:[101]:str [error occured in python script:[C:\Users\suraj\OneDrive\Desktop\ML_pipe\ai_agent_audio\audio-extraction\scripts\transcribe.py]at number:[51]:str [Audio file not found: downloads/raw_audio\Chalawe Ki Raat.mp3.mp3]]]
[2025-04-05 16:11:35,372] werkzeug - INFO - 127.0.0.1 - - [05/Apr/2025 16:11:35] "POST / HTTP/1.1" 200 -
[2025-04-05 16:11:35,475] werkzeug - INFO - 127.0.0.1 - - [05/Apr/2025 16:11:35] "[36mGET /static/style.css HTTP/1.1[0m" 304 -
[2025-04-05 16:13:50,962] werkzeug - INFO -  * Detected change in 'C:\\Users\\suraj\\OneDrive\\Desktop\\ML_pipe\\ai_agent_audio\\audio-extraction\\scripts\\transcribe.py', reloading
